nohup: ignoring input
============================= test session starts ==============================
platform linux -- Python 3.13.11, pytest-9.0.2, pluggy-1.6.0 -- /home/morten/school/radiokommunikasjon/.venv/bin/python
cachedir: .pytest_cache
hypothesis profile 'default' -> deadline=timedelta(milliseconds=10000), suppress_health_check=(HealthCheck.too_slow,)
rootdir: /home/morten/school/radiokommunikasjon
configfile: pyproject.toml
plugins: hypothesis-6.151.10
collecting ... collected 1100 items

tests/test_stress.py::test_large_packet_ideal[0-specs0] PASSED           [  0%]
tests/test_stress.py::test_large_packet_ideal[1-specs1] PASSED           [  0%]
tests/test_stress.py::test_large_packet_ideal[2-specs2] PASSED           [  0%]
tests/test_stress.py::test_large_packet_ideal[3-specs3] PASSED           [  0%]
tests/test_stress.py::test_large_packet_ideal[4-specs4] PASSED           [  0%]
tests/test_stress.py::test_large_packet_ideal[5-specs5] PASSED           [  0%]
tests/test_stress.py::test_large_packet_ideal[6-specs6] PASSED           [  0%]
tests/test_stress.py::test_large_packet_ideal[7-specs7] PASSED           [  0%]
tests/test_stress.py::test_large_packet_ideal[8-specs8] PASSED           [  0%]
tests/test_stress.py::test_large_packet_ideal[9-specs9] PASSED           [  0%]
tests/test_stress.py::test_large_packet_ideal[10-specs10] PASSED         [  1%]
tests/test_stress.py::test_large_packet_ideal[11-specs11] PASSED         [  1%]
tests/test_stress.py::test_large_packet_ideal[12-specs12] PASSED         [  1%]
tests/test_stress.py::test_large_packet_ideal[13-specs13] PASSED         [  1%]
tests/test_stress.py::test_large_packet_ideal[14-specs14] PASSED         [  1%]
tests/test_stress.py::test_large_packet_ideal[15-specs15] PASSED         [  1%]
tests/test_stress.py::test_large_packet_ideal[16-specs16] PASSED         [  1%]
tests/test_stress.py::test_large_packet_ideal[17-specs17] PASSED         [  1%]
tests/test_stress.py::test_large_packet_ideal[18-specs18] PASSED         [  1%]
tests/test_stress.py::test_large_packet_ideal[19-specs19] PASSED         [  1%]
tests/test_stress.py::test_large_packet_ideal[20-specs20] PASSED         [  1%]
tests/test_stress.py::test_large_packet_ideal[21-specs21] PASSED         [  2%]
tests/test_stress.py::test_large_packet_ideal[22-specs22] PASSED         [  2%]
tests/test_stress.py::test_large_packet_ideal[23-specs23] PASSED         [  2%]
tests/test_stress.py::test_large_packet_ideal[24-specs24] PASSED         [  2%]
tests/test_stress.py::test_large_packet_ideal[25-specs25] PASSED         [  2%]
tests/test_stress.py::test_large_packet_ideal[26-specs26] PASSED         [  2%]
tests/test_stress.py::test_large_packet_ideal[27-specs27] PASSED         [  2%]
tests/test_stress.py::test_large_packet_ideal[28-specs28] PASSED         [  2%]
tests/test_stress.py::test_large_packet_ideal[29-specs29] PASSED         [  2%]
tests/test_stress.py::test_large_packet_ideal[30-specs30] PASSED         [  2%]
tests/test_stress.py::test_large_packet_ideal[31-specs31] PASSED         [  2%]
tests/test_stress.py::test_large_packet_ideal[32-specs32] PASSED         [  3%]
tests/test_stress.py::test_large_packet_ideal[33-specs33] PASSED         [  3%]
tests/test_stress.py::test_large_packet_ideal[34-specs34] PASSED         [  3%]
tests/test_stress.py::test_large_packet_ideal[35-specs35] PASSED         [  3%]
tests/test_stress.py::test_large_packet_ideal[36-specs36] PASSED         [  3%]
tests/test_stress.py::test_large_packet_ideal[37-specs37] PASSED         [  3%]
tests/test_stress.py::test_large_packet_ideal[38-specs38] PASSED         [  3%]
tests/test_stress.py::test_large_packet_ideal[39-specs39] PASSED         [  3%]
tests/test_stress.py::test_large_packet_ideal[40-specs40] PASSED         [  3%]
tests/test_stress.py::test_large_packet_ideal[41-specs41] PASSED         [  3%]
tests/test_stress.py::test_large_packet_ideal[42-specs42] PASSED         [  3%]
tests/test_stress.py::test_large_packet_ideal[43-specs43] PASSED         [  4%]
tests/test_stress.py::test_large_packet_ideal[44-specs44] PASSED         [  4%]
tests/test_stress.py::test_large_packet_ideal[45-specs45] PASSED         [  4%]
tests/test_stress.py::test_large_packet_ideal[46-specs46] PASSED         [  4%]
tests/test_stress.py::test_large_packet_ideal[47-specs47] PASSED         [  4%]
tests/test_stress.py::test_large_packet_ideal[48-specs48] PASSED         [  4%]
tests/test_stress.py::test_large_packet_ideal[49-specs49] PASSED         [  4%]
tests/test_stress.py::test_large_packet_ideal[50-specs50] PASSED         [  4%]
tests/test_stress.py::test_large_packet_ideal[51-specs51] PASSED         [  4%]
tests/test_stress.py::test_large_packet_ideal[52-specs52] PASSED         [  4%]
tests/test_stress.py::test_large_packet_ideal[53-specs53] PASSED         [  4%]
tests/test_stress.py::test_large_packet_ideal[54-specs54] PASSED         [  5%]
tests/test_stress.py::test_large_packet_ideal[55-specs55] PASSED         [  5%]
tests/test_stress.py::test_large_packet_ideal[56-specs56] PASSED         [  5%]
tests/test_stress.py::test_large_packet_ideal[57-specs57] PASSED         [  5%]
tests/test_stress.py::test_large_packet_ideal[58-specs58] PASSED         [  5%]
tests/test_stress.py::test_large_packet_ideal[59-specs59] PASSED         [  5%]
tests/test_stress.py::test_large_packet_ideal[60-specs60] PASSED         [  5%]
tests/test_stress.py::test_large_packet_ideal[61-specs61] PASSED         [  5%]
tests/test_stress.py::test_large_packet_ideal[62-specs62] PASSED         [  5%]
tests/test_stress.py::test_large_packet_ideal[63-specs63] PASSED         [  5%]
tests/test_stress.py::test_large_packet_ideal[64-specs64] PASSED         [  5%]
tests/test_stress.py::test_large_packet_ideal[65-specs65] PASSED         [  6%]
tests/test_stress.py::test_large_packet_ideal[66-specs66] PASSED         [  6%]
tests/test_stress.py::test_large_packet_ideal[67-specs67] PASSED         [  6%]
tests/test_stress.py::test_large_packet_ideal[68-specs68] PASSED         [  6%]
tests/test_stress.py::test_large_packet_ideal[69-specs69] PASSED         [  6%]
tests/test_stress.py::test_large_packet_ideal[70-specs70] PASSED         [  6%]
tests/test_stress.py::test_large_packet_ideal[71-specs71] PASSED         [  6%]
tests/test_stress.py::test_large_packet_ideal[72-specs72] PASSED         [  6%]
tests/test_stress.py::test_large_packet_ideal[73-specs73] PASSED         [  6%]
tests/test_stress.py::test_large_packet_ideal[74-specs74] PASSED         [  6%]
tests/test_stress.py::test_large_packet_ideal[75-specs75] PASSED         [  6%]
tests/test_stress.py::test_large_packet_ideal[76-specs76] PASSED         [  7%]
tests/test_stress.py::test_large_packet_ideal[77-specs77] PASSED         [  7%]
tests/test_stress.py::test_large_packet_ideal[78-specs78] PASSED         [  7%]
tests/test_stress.py::test_large_packet_ideal[79-specs79] PASSED         [  7%]
tests/test_stress.py::test_large_packet_ideal[80-specs80] PASSED         [  7%]
tests/test_stress.py::test_large_packet_ideal[81-specs81] PASSED         [  7%]
tests/test_stress.py::test_large_packet_ideal[82-specs82] PASSED         [  7%]
tests/test_stress.py::test_large_packet_ideal[83-specs83] PASSED         [  7%]
tests/test_stress.py::test_large_packet_ideal[84-specs84] PASSED         [  7%]
tests/test_stress.py::test_large_packet_ideal[85-specs85] PASSED         [  7%]
tests/test_stress.py::test_large_packet_ideal[86-specs86] PASSED         [  7%]
tests/test_stress.py::test_large_packet_ideal[87-specs87] PASSED         [  8%]
tests/test_stress.py::test_large_packet_ideal[88-specs88] PASSED         [  8%]
tests/test_stress.py::test_large_packet_ideal[89-specs89] PASSED         [  8%]
tests/test_stress.py::test_large_packet_ideal[90-specs90] PASSED         [  8%]
tests/test_stress.py::test_large_packet_ideal[91-specs91] PASSED         [  8%]
tests/test_stress.py::test_large_packet_ideal[92-specs92] PASSED         [  8%]
tests/test_stress.py::test_large_packet_ideal[93-specs93] PASSED         [  8%]
tests/test_stress.py::test_large_packet_ideal[94-specs94] PASSED         [  8%]
tests/test_stress.py::test_large_packet_ideal[95-specs95] PASSED         [  8%]
tests/test_stress.py::test_large_packet_ideal[96-specs96] PASSED         [  8%]
tests/test_stress.py::test_large_packet_ideal[97-specs97] PASSED         [  8%]
tests/test_stress.py::test_large_packet_ideal[98-specs98] PASSED         [  9%]
tests/test_stress.py::test_large_packet_ideal[99-specs99] PASSED         [  9%]
tests/test_stress.py::test_burst_ideal[0-specs0] PASSED                  [  9%]
tests/test_stress.py::test_burst_ideal[1-specs1] PASSED                  [  9%]
tests/test_stress.py::test_burst_ideal[2-specs2] PASSED                  [  9%]
tests/test_stress.py::test_burst_ideal[3-specs3] PASSED                  [  9%]
tests/test_stress.py::test_burst_ideal[4-specs4] PASSED                  [  9%]
tests/test_stress.py::test_burst_ideal[5-specs5] PASSED                  [  9%]
tests/test_stress.py::test_burst_ideal[6-specs6] PASSED                  [  9%]
tests/test_stress.py::test_burst_ideal[7-specs7] PASSED                  [  9%]
tests/test_stress.py::test_burst_ideal[8-specs8] PASSED                  [  9%]
tests/test_stress.py::test_burst_ideal[9-specs9] PASSED                  [ 10%]
tests/test_stress.py::test_burst_ideal[10-specs10] PASSED                [ 10%]
tests/test_stress.py::test_burst_ideal[11-specs11] PASSED                [ 10%]
tests/test_stress.py::test_burst_ideal[12-specs12] PASSED                [ 10%]
tests/test_stress.py::test_burst_ideal[13-specs13] PASSED                [ 10%]
tests/test_stress.py::test_burst_ideal[14-specs14] PASSED                [ 10%]
tests/test_stress.py::test_burst_ideal[15-specs15] PASSED                [ 10%]
tests/test_stress.py::test_burst_ideal[16-specs16] PASSED                [ 10%]
tests/test_stress.py::test_burst_ideal[17-specs17] PASSED                [ 10%]
tests/test_stress.py::test_burst_ideal[18-specs18] PASSED                [ 10%]
tests/test_stress.py::test_burst_ideal[19-specs19] PASSED                [ 10%]
tests/test_stress.py::test_burst_ideal[20-specs20] PASSED                [ 11%]
tests/test_stress.py::test_burst_ideal[21-specs21] PASSED                [ 11%]
tests/test_stress.py::test_burst_ideal[22-specs22] PASSED                [ 11%]
tests/test_stress.py::test_burst_ideal[23-specs23] PASSED                [ 11%]
tests/test_stress.py::test_burst_ideal[24-specs24] PASSED                [ 11%]
tests/test_stress.py::test_burst_ideal[25-specs25] PASSED                [ 11%]
tests/test_stress.py::test_burst_ideal[26-specs26] PASSED                [ 11%]
tests/test_stress.py::test_burst_ideal[27-specs27] PASSED                [ 11%]
tests/test_stress.py::test_burst_ideal[28-specs28] PASSED                [ 11%]
tests/test_stress.py::test_burst_ideal[29-specs29] PASSED                [ 11%]
tests/test_stress.py::test_burst_ideal[30-specs30] PASSED                [ 11%]
tests/test_stress.py::test_burst_ideal[31-specs31] PASSED                [ 12%]
tests/test_stress.py::test_burst_ideal[32-specs32] PASSED                [ 12%]
tests/test_stress.py::test_burst_ideal[33-specs33] PASSED                [ 12%]
tests/test_stress.py::test_burst_ideal[34-specs34] PASSED                [ 12%]
tests/test_stress.py::test_burst_ideal[35-specs35] PASSED                [ 12%]
tests/test_stress.py::test_burst_ideal[36-specs36] PASSED                [ 12%]
tests/test_stress.py::test_burst_ideal[37-specs37] PASSED                [ 12%]
tests/test_stress.py::test_burst_ideal[38-specs38] PASSED                [ 12%]
tests/test_stress.py::test_burst_ideal[39-specs39] PASSED                [ 12%]
tests/test_stress.py::test_burst_ideal[40-specs40] PASSED                [ 12%]
tests/test_stress.py::test_burst_ideal[41-specs41] PASSED                [ 12%]
tests/test_stress.py::test_burst_ideal[42-specs42] PASSED                [ 13%]
tests/test_stress.py::test_burst_ideal[43-specs43] PASSED                [ 13%]
tests/test_stress.py::test_burst_ideal[44-specs44] PASSED                [ 13%]
tests/test_stress.py::test_burst_ideal[45-specs45] PASSED                [ 13%]
tests/test_stress.py::test_burst_ideal[46-specs46] PASSED                [ 13%]
tests/test_stress.py::test_burst_ideal[47-specs47] PASSED                [ 13%]
tests/test_stress.py::test_burst_ideal[48-specs48] PASSED                [ 13%]
tests/test_stress.py::test_burst_ideal[49-specs49] PASSED                [ 13%]
tests/test_stress.py::test_burst_ideal[50-specs50] PASSED                [ 13%]
tests/test_stress.py::test_burst_ideal[51-specs51] PASSED                [ 13%]
tests/test_stress.py::test_burst_ideal[52-specs52] PASSED                [ 13%]
tests/test_stress.py::test_burst_ideal[53-specs53] PASSED                [ 14%]
tests/test_stress.py::test_burst_ideal[54-specs54] PASSED                [ 14%]
tests/test_stress.py::test_burst_ideal[55-specs55] PASSED                [ 14%]
tests/test_stress.py::test_burst_ideal[56-specs56] PASSED                [ 14%]
tests/test_stress.py::test_burst_ideal[57-specs57] PASSED                [ 14%]
tests/test_stress.py::test_burst_ideal[58-specs58] PASSED                [ 14%]
tests/test_stress.py::test_burst_ideal[59-specs59] PASSED                [ 14%]
tests/test_stress.py::test_burst_ideal[60-specs60] PASSED                [ 14%]
tests/test_stress.py::test_burst_ideal[61-specs61] PASSED                [ 14%]
tests/test_stress.py::test_burst_ideal[62-specs62] PASSED                [ 14%]
tests/test_stress.py::test_burst_ideal[63-specs63] PASSED                [ 14%]
tests/test_stress.py::test_burst_ideal[64-specs64] PASSED                [ 15%]
tests/test_stress.py::test_burst_ideal[65-specs65] PASSED                [ 15%]
tests/test_stress.py::test_burst_ideal[66-specs66] PASSED                [ 15%]
tests/test_stress.py::test_burst_ideal[67-specs67] PASSED                [ 15%]
tests/test_stress.py::test_burst_ideal[68-specs68] PASSED                [ 15%]
tests/test_stress.py::test_burst_ideal[69-specs69] PASSED                [ 15%]
tests/test_stress.py::test_burst_ideal[70-specs70] PASSED                [ 15%]
tests/test_stress.py::test_burst_ideal[71-specs71] PASSED                [ 15%]
tests/test_stress.py::test_burst_ideal[72-specs72] PASSED                [ 15%]
tests/test_stress.py::test_burst_ideal[73-specs73] PASSED                [ 15%]
tests/test_stress.py::test_burst_ideal[74-specs74] PASSED                [ 15%]
tests/test_stress.py::test_burst_ideal[75-specs75] PASSED                [ 16%]
tests/test_stress.py::test_burst_ideal[76-specs76] PASSED                [ 16%]
tests/test_stress.py::test_burst_ideal[77-specs77] PASSED                [ 16%]
tests/test_stress.py::test_burst_ideal[78-specs78] PASSED                [ 16%]
tests/test_stress.py::test_burst_ideal[79-specs79] PASSED                [ 16%]
tests/test_stress.py::test_burst_ideal[80-specs80] PASSED                [ 16%]
tests/test_stress.py::test_burst_ideal[81-specs81] PASSED                [ 16%]
tests/test_stress.py::test_burst_ideal[82-specs82] PASSED                [ 16%]
tests/test_stress.py::test_burst_ideal[83-specs83] PASSED                [ 16%]
tests/test_stress.py::test_burst_ideal[84-specs84] PASSED                [ 16%]
tests/test_stress.py::test_burst_ideal[85-specs85] PASSED                [ 16%]
tests/test_stress.py::test_burst_ideal[86-specs86] PASSED                [ 17%]
tests/test_stress.py::test_burst_ideal[87-specs87] PASSED                [ 17%]
tests/test_stress.py::test_burst_ideal[88-specs88] PASSED                [ 17%]
tests/test_stress.py::test_burst_ideal[89-specs89] PASSED                [ 17%]
tests/test_stress.py::test_burst_ideal[90-specs90] PASSED                [ 17%]
tests/test_stress.py::test_burst_ideal[91-specs91] PASSED                [ 17%]
tests/test_stress.py::test_burst_ideal[92-specs92] PASSED                [ 17%]
tests/test_stress.py::test_burst_ideal[93-specs93] PASSED                [ 17%]
tests/test_stress.py::test_burst_ideal[94-specs94] PASSED                [ 17%]
tests/test_stress.py::test_burst_ideal[95-specs95] PASSED                [ 17%]
tests/test_stress.py::test_burst_ideal[96-specs96] PASSED                [ 17%]
tests/test_stress.py::test_burst_ideal[97-specs97] PASSED                [ 18%]
tests/test_stress.py::test_burst_ideal[98-specs98] PASSED                [ 18%]
tests/test_stress.py::test_burst_ideal[99-specs99] PASSED                [ 18%]
tests/test_stress.py::test_large_packet_channel[0-15-specs0] PASSED      [ 18%]
tests/test_stress.py::test_large_packet_channel[1-15-specs1] PASSED      [ 18%]
tests/test_stress.py::test_large_packet_channel[2-15-specs2] PASSED      [ 18%]
tests/test_stress.py::test_large_packet_channel[3-15-specs3] PASSED      [ 18%]
tests/test_stress.py::test_large_packet_channel[4-15-specs4] PASSED      [ 18%]
tests/test_stress.py::test_large_packet_channel[5-15-specs5] PASSED      [ 18%]
tests/test_stress.py::test_large_packet_channel[6-15-specs6] PASSED      [ 18%]
tests/test_stress.py::test_large_packet_channel[7-15-specs7] PASSED      [ 18%]
tests/test_stress.py::test_large_packet_channel[8-15-specs8] PASSED      [ 19%]
tests/test_stress.py::test_large_packet_channel[9-15-specs9] PASSED      [ 19%]
tests/test_stress.py::test_large_packet_channel[10-15-specs10] PASSED    [ 19%]
tests/test_stress.py::test_large_packet_channel[11-15-specs11] PASSED    [ 19%]
tests/test_stress.py::test_large_packet_channel[12-15-specs12] PASSED    [ 19%]
tests/test_stress.py::test_large_packet_channel[13-15-specs13] PASSED    [ 19%]
tests/test_stress.py::test_large_packet_channel[14-15-specs14] PASSED    [ 19%]
tests/test_stress.py::test_large_packet_channel[15-15-specs15] PASSED    [ 19%]
tests/test_stress.py::test_large_packet_channel[16-15-specs16] PASSED    [ 19%]
tests/test_stress.py::test_large_packet_channel[17-15-specs17] PASSED    [ 19%]
tests/test_stress.py::test_large_packet_channel[18-15-specs18] PASSED    [ 19%]
tests/test_stress.py::test_large_packet_channel[19-15-specs19] PASSED    [ 20%]
tests/test_stress.py::test_large_packet_channel[20-15-specs20] PASSED    [ 20%]
tests/test_stress.py::test_large_packet_channel[21-15-specs21] PASSED    [ 20%]
tests/test_stress.py::test_large_packet_channel[22-15-specs22] PASSED    [ 20%]
tests/test_stress.py::test_large_packet_channel[23-15-specs23] PASSED    [ 20%]
tests/test_stress.py::test_large_packet_channel[24-15-specs24] PASSED    [ 20%]
tests/test_stress.py::test_large_packet_channel[25-15-specs25] PASSED    [ 20%]
tests/test_stress.py::test_large_packet_channel[26-15-specs26] PASSED    [ 20%]
tests/test_stress.py::test_large_packet_channel[27-15-specs27] PASSED    [ 20%]
tests/test_stress.py::test_large_packet_channel[28-15-specs28] PASSED    [ 20%]
tests/test_stress.py::test_large_packet_channel[29-15-specs29] PASSED    [ 20%]
tests/test_stress.py::test_large_packet_channel[30-15-specs30] PASSED    [ 21%]
tests/test_stress.py::test_large_packet_channel[31-15-specs31] PASSED    [ 21%]
tests/test_stress.py::test_large_packet_channel[32-15-specs32] PASSED    [ 21%]
tests/test_stress.py::test_large_packet_channel[33-15-specs33] PASSED    [ 21%]
tests/test_stress.py::test_large_packet_channel[34-15-specs34] PASSED    [ 21%]
tests/test_stress.py::test_large_packet_channel[35-15-specs35] PASSED    [ 21%]
tests/test_stress.py::test_large_packet_channel[36-15-specs36] PASSED    [ 21%]
tests/test_stress.py::test_large_packet_channel[37-15-specs37] PASSED    [ 21%]
tests/test_stress.py::test_large_packet_channel[38-15-specs38] PASSED    [ 21%]
tests/test_stress.py::test_large_packet_channel[39-15-specs39] PASSED    [ 21%]
tests/test_stress.py::test_large_packet_channel[40-15-specs40] PASSED    [ 21%]
tests/test_stress.py::test_large_packet_channel[41-15-specs41] PASSED    [ 22%]
tests/test_stress.py::test_large_packet_channel[42-15-specs42] PASSED    [ 22%]
tests/test_stress.py::test_large_packet_channel[43-15-specs43] PASSED    [ 22%]
tests/test_stress.py::test_large_packet_channel[44-15-specs44] PASSED    [ 22%]
tests/test_stress.py::test_large_packet_channel[45-15-specs45] PASSED    [ 22%]
tests/test_stress.py::test_large_packet_channel[46-15-specs46] PASSED    [ 22%]
tests/test_stress.py::test_large_packet_channel[47-15-specs47] PASSED    [ 22%]
tests/test_stress.py::test_large_packet_channel[48-15-specs48] PASSED    [ 22%]
tests/test_stress.py::test_large_packet_channel[49-15-specs49] PASSED    [ 22%]
tests/test_stress.py::test_large_packet_channel[50-15-specs50] PASSED    [ 22%]
tests/test_stress.py::test_large_packet_channel[51-15-specs51] PASSED    [ 22%]
tests/test_stress.py::test_large_packet_channel[52-15-specs52] PASSED    [ 23%]
tests/test_stress.py::test_large_packet_channel[53-15-specs53] PASSED    [ 23%]
tests/test_stress.py::test_large_packet_channel[54-15-specs54] PASSED    [ 23%]
tests/test_stress.py::test_large_packet_channel[55-15-specs55] PASSED    [ 23%]
tests/test_stress.py::test_large_packet_channel[56-15-specs56] PASSED    [ 23%]
tests/test_stress.py::test_large_packet_channel[57-15-specs57] PASSED    [ 23%]
tests/test_stress.py::test_large_packet_channel[58-15-specs58] PASSED    [ 23%]
tests/test_stress.py::test_large_packet_channel[59-15-specs59] PASSED    [ 23%]
tests/test_stress.py::test_large_packet_channel[60-15-specs60] PASSED    [ 23%]
tests/test_stress.py::test_large_packet_channel[61-15-specs61] PASSED    [ 23%]
tests/test_stress.py::test_large_packet_channel[62-15-specs62] PASSED    [ 23%]
tests/test_stress.py::test_large_packet_channel[63-15-specs63] PASSED    [ 24%]
tests/test_stress.py::test_large_packet_channel[64-15-specs64] PASSED    [ 24%]
tests/test_stress.py::test_large_packet_channel[65-15-specs65] PASSED    [ 24%]
tests/test_stress.py::test_large_packet_channel[66-15-specs66] PASSED    [ 24%]
tests/test_stress.py::test_large_packet_channel[67-15-specs67] PASSED    [ 24%]
tests/test_stress.py::test_large_packet_channel[68-15-specs68] PASSED    [ 24%]
tests/test_stress.py::test_large_packet_channel[69-15-specs69] PASSED    [ 24%]
tests/test_stress.py::test_large_packet_channel[70-15-specs70] PASSED    [ 24%]
tests/test_stress.py::test_large_packet_channel[71-15-specs71] PASSED    [ 24%]
tests/test_stress.py::test_large_packet_channel[72-15-specs72] PASSED    [ 24%]
tests/test_stress.py::test_large_packet_channel[73-15-specs73] PASSED    [ 24%]
tests/test_stress.py::test_large_packet_channel[74-15-specs74] PASSED    [ 25%]
tests/test_stress.py::test_large_packet_channel[75-15-specs75] PASSED    [ 25%]
tests/test_stress.py::test_large_packet_channel[76-15-specs76] PASSED    [ 25%]
tests/test_stress.py::test_large_packet_channel[77-15-specs77] PASSED    [ 25%]
tests/test_stress.py::test_large_packet_channel[78-15-specs78] PASSED    [ 25%]
tests/test_stress.py::test_large_packet_channel[79-15-specs79] PASSED    [ 25%]
tests/test_stress.py::test_large_packet_channel[80-15-specs80] PASSED    [ 25%]
tests/test_stress.py::test_large_packet_channel[81-15-specs81] PASSED    [ 25%]
tests/test_stress.py::test_large_packet_channel[82-15-specs82] PASSED    [ 25%]
tests/test_stress.py::test_large_packet_channel[83-15-specs83] PASSED    [ 25%]
tests/test_stress.py::test_large_packet_channel[84-15-specs84] PASSED    [ 25%]
tests/test_stress.py::test_large_packet_channel[85-15-specs85] PASSED    [ 26%]
tests/test_stress.py::test_large_packet_channel[86-15-specs86] PASSED    [ 26%]
tests/test_stress.py::test_large_packet_channel[87-15-specs87] PASSED    [ 26%]
tests/test_stress.py::test_large_packet_channel[88-15-specs88] PASSED    [ 26%]
tests/test_stress.py::test_large_packet_channel[89-15-specs89] PASSED    [ 26%]
tests/test_stress.py::test_large_packet_channel[90-15-specs90] PASSED    [ 26%]
tests/test_stress.py::test_large_packet_channel[91-15-specs91] PASSED    [ 26%]
tests/test_stress.py::test_large_packet_channel[92-15-specs92] PASSED    [ 26%]
tests/test_stress.py::test_large_packet_channel[93-15-specs93] PASSED    [ 26%]
tests/test_stress.py::test_large_packet_channel[94-15-specs94] PASSED    [ 26%]
tests/test_stress.py::test_large_packet_channel[95-15-specs95] PASSED    [ 26%]
tests/test_stress.py::test_large_packet_channel[96-15-specs96] PASSED    [ 27%]
tests/test_stress.py::test_large_packet_channel[97-15-specs97] PASSED    [ 27%]
tests/test_stress.py::test_large_packet_channel[98-15-specs98] PASSED    [ 27%]
tests/test_stress.py::test_large_packet_channel[99-15-specs99] PASSED    [ 27%]
tests/test_stress.py::test_large_packet_channel[0-18-specs100] PASSED    [ 27%]
tests/test_stress.py::test_large_packet_channel[1-18-specs101] PASSED    [ 27%]
tests/test_stress.py::test_large_packet_channel[2-18-specs102] PASSED    [ 27%]
tests/test_stress.py::test_large_packet_channel[3-18-specs103] PASSED    [ 27%]
tests/test_stress.py::test_large_packet_channel[4-18-specs104] PASSED    [ 27%]
tests/test_stress.py::test_large_packet_channel[5-18-specs105] PASSED    [ 27%]
tests/test_stress.py::test_large_packet_channel[6-18-specs106] PASSED    [ 27%]
tests/test_stress.py::test_large_packet_channel[7-18-specs107] PASSED    [ 28%]
tests/test_stress.py::test_large_packet_channel[8-18-specs108] PASSED    [ 28%]
tests/test_stress.py::test_large_packet_channel[9-18-specs109] PASSED    [ 28%]
tests/test_stress.py::test_large_packet_channel[10-18-specs110] PASSED   [ 28%]
tests/test_stress.py::test_large_packet_channel[11-18-specs111] PASSED   [ 28%]
tests/test_stress.py::test_large_packet_channel[12-18-specs112] PASSED   [ 28%]
tests/test_stress.py::test_large_packet_channel[13-18-specs113] PASSED   [ 28%]
tests/test_stress.py::test_large_packet_channel[14-18-specs114] PASSED   [ 28%]
tests/test_stress.py::test_large_packet_channel[15-18-specs115] PASSED   [ 28%]
tests/test_stress.py::test_large_packet_channel[16-18-specs116] PASSED   [ 28%]
tests/test_stress.py::test_large_packet_channel[17-18-specs117] PASSED   [ 28%]
tests/test_stress.py::test_large_packet_channel[18-18-specs118] PASSED   [ 29%]
tests/test_stress.py::test_large_packet_channel[19-18-specs119] PASSED   [ 29%]
tests/test_stress.py::test_large_packet_channel[20-18-specs120] PASSED   [ 29%]
tests/test_stress.py::test_large_packet_channel[21-18-specs121] PASSED   [ 29%]
tests/test_stress.py::test_large_packet_channel[22-18-specs122] PASSED   [ 29%]
tests/test_stress.py::test_large_packet_channel[23-18-specs123] PASSED   [ 29%]
tests/test_stress.py::test_large_packet_channel[24-18-specs124] PASSED   [ 29%]
tests/test_stress.py::test_large_packet_channel[25-18-specs125] PASSED   [ 29%]
tests/test_stress.py::test_large_packet_channel[26-18-specs126] PASSED   [ 29%]
tests/test_stress.py::test_large_packet_channel[27-18-specs127] PASSED   [ 29%]
tests/test_stress.py::test_large_packet_channel[28-18-specs128] PASSED   [ 29%]
tests/test_stress.py::test_large_packet_channel[29-18-specs129] PASSED   [ 30%]
tests/test_stress.py::test_large_packet_channel[30-18-specs130] PASSED   [ 30%]
tests/test_stress.py::test_large_packet_channel[31-18-specs131] PASSED   [ 30%]
tests/test_stress.py::test_large_packet_channel[32-18-specs132] PASSED   [ 30%]
tests/test_stress.py::test_large_packet_channel[33-18-specs133] PASSED   [ 30%]
tests/test_stress.py::test_large_packet_channel[34-18-specs134] PASSED   [ 30%]
tests/test_stress.py::test_large_packet_channel[35-18-specs135] PASSED   [ 30%]
tests/test_stress.py::test_large_packet_channel[36-18-specs136] PASSED   [ 30%]
tests/test_stress.py::test_large_packet_channel[37-18-specs137] PASSED   [ 30%]
tests/test_stress.py::test_large_packet_channel[38-18-specs138] PASSED   [ 30%]
tests/test_stress.py::test_large_packet_channel[39-18-specs139] PASSED   [ 30%]
tests/test_stress.py::test_large_packet_channel[40-18-specs140] PASSED   [ 31%]
tests/test_stress.py::test_large_packet_channel[41-18-specs141] PASSED   [ 31%]
tests/test_stress.py::test_large_packet_channel[42-18-specs142] PASSED   [ 31%]
tests/test_stress.py::test_large_packet_channel[43-18-specs143] PASSED   [ 31%]
tests/test_stress.py::test_large_packet_channel[44-18-specs144] PASSED   [ 31%]
tests/test_stress.py::test_large_packet_channel[45-18-specs145] PASSED   [ 31%]
tests/test_stress.py::test_large_packet_channel[46-18-specs146] PASSED   [ 31%]
tests/test_stress.py::test_large_packet_channel[47-18-specs147] PASSED   [ 31%]
tests/test_stress.py::test_large_packet_channel[48-18-specs148] PASSED   [ 31%]
tests/test_stress.py::test_large_packet_channel[49-18-specs149] PASSED   [ 31%]
tests/test_stress.py::test_large_packet_channel[50-18-specs150] PASSED   [ 31%]
tests/test_stress.py::test_large_packet_channel[51-18-specs151] PASSED   [ 32%]
tests/test_stress.py::test_large_packet_channel[52-18-specs152] PASSED   [ 32%]
tests/test_stress.py::test_large_packet_channel[53-18-specs153] PASSED   [ 32%]
tests/test_stress.py::test_large_packet_channel[54-18-specs154] PASSED   [ 32%]
tests/test_stress.py::test_large_packet_channel[55-18-specs155] PASSED   [ 32%]
tests/test_stress.py::test_large_packet_channel[56-18-specs156] PASSED   [ 32%]
tests/test_stress.py::test_large_packet_channel[57-18-specs157] PASSED   [ 32%]
tests/test_stress.py::test_large_packet_channel[58-18-specs158] PASSED   [ 32%]
tests/test_stress.py::test_large_packet_channel[59-18-specs159] PASSED   [ 32%]
tests/test_stress.py::test_large_packet_channel[60-18-specs160] PASSED   [ 32%]
tests/test_stress.py::test_large_packet_channel[61-18-specs161] PASSED   [ 32%]
tests/test_stress.py::test_large_packet_channel[62-18-specs162] PASSED   [ 33%]
tests/test_stress.py::test_large_packet_channel[63-18-specs163] PASSED   [ 33%]
tests/test_stress.py::test_large_packet_channel[64-18-specs164] PASSED   [ 33%]
tests/test_stress.py::test_large_packet_channel[65-18-specs165] PASSED   [ 33%]
tests/test_stress.py::test_large_packet_channel[66-18-specs166] PASSED   [ 33%]
tests/test_stress.py::test_large_packet_channel[67-18-specs167] PASSED   [ 33%]
tests/test_stress.py::test_large_packet_channel[68-18-specs168] PASSED   [ 33%]
tests/test_stress.py::test_large_packet_channel[69-18-specs169] PASSED   [ 33%]
tests/test_stress.py::test_large_packet_channel[70-18-specs170] PASSED   [ 33%]
tests/test_stress.py::test_large_packet_channel[71-18-specs171] PASSED   [ 33%]
tests/test_stress.py::test_large_packet_channel[72-18-specs172] PASSED   [ 33%]
tests/test_stress.py::test_large_packet_channel[73-18-specs173] PASSED   [ 34%]
tests/test_stress.py::test_large_packet_channel[74-18-specs174] PASSED   [ 34%]
tests/test_stress.py::test_large_packet_channel[75-18-specs175] PASSED   [ 34%]
tests/test_stress.py::test_large_packet_channel[76-18-specs176] PASSED   [ 34%]
tests/test_stress.py::test_large_packet_channel[77-18-specs177] PASSED   [ 34%]
tests/test_stress.py::test_large_packet_channel[78-18-specs178] PASSED   [ 34%]
tests/test_stress.py::test_large_packet_channel[79-18-specs179] PASSED   [ 34%]
tests/test_stress.py::test_large_packet_channel[80-18-specs180] PASSED   [ 34%]
tests/test_stress.py::test_large_packet_channel[81-18-specs181] PASSED   [ 34%]
tests/test_stress.py::test_large_packet_channel[82-18-specs182] PASSED   [ 34%]
tests/test_stress.py::test_large_packet_channel[83-18-specs183] PASSED   [ 34%]
tests/test_stress.py::test_large_packet_channel[84-18-specs184] PASSED   [ 35%]
tests/test_stress.py::test_large_packet_channel[85-18-specs185] PASSED   [ 35%]
tests/test_stress.py::test_large_packet_channel[86-18-specs186] PASSED   [ 35%]
tests/test_stress.py::test_large_packet_channel[87-18-specs187] PASSED   [ 35%]
tests/test_stress.py::test_large_packet_channel[88-18-specs188] PASSED   [ 35%]
tests/test_stress.py::test_large_packet_channel[89-18-specs189] PASSED   [ 35%]
tests/test_stress.py::test_large_packet_channel[90-18-specs190] PASSED   [ 35%]
tests/test_stress.py::test_large_packet_channel[91-18-specs191] PASSED   [ 35%]
tests/test_stress.py::test_large_packet_channel[92-18-specs192] PASSED   [ 35%]
tests/test_stress.py::test_large_packet_channel[93-18-specs193] PASSED   [ 35%]
tests/test_stress.py::test_large_packet_channel[94-18-specs194] PASSED   [ 35%]
tests/test_stress.py::test_large_packet_channel[95-18-specs195] PASSED   [ 36%]
tests/test_stress.py::test_large_packet_channel[96-18-specs196] PASSED   [ 36%]
tests/test_stress.py::test_large_packet_channel[97-18-specs197] PASSED   [ 36%]
tests/test_stress.py::test_large_packet_channel[98-18-specs198] PASSED   [ 36%]
tests/test_stress.py::test_large_packet_channel[99-18-specs199] PASSED   [ 36%]
tests/test_stress.py::test_large_packet_channel[0-20-specs200] PASSED    [ 36%]
tests/test_stress.py::test_large_packet_channel[1-20-specs201] PASSED    [ 36%]
tests/test_stress.py::test_large_packet_channel[2-20-specs202] PASSED    [ 36%]
tests/test_stress.py::test_large_packet_channel[3-20-specs203] PASSED    [ 36%]
tests/test_stress.py::test_large_packet_channel[4-20-specs204] PASSED    [ 36%]
tests/test_stress.py::test_large_packet_channel[5-20-specs205] PASSED    [ 36%]
tests/test_stress.py::test_large_packet_channel[6-20-specs206] PASSED    [ 37%]
tests/test_stress.py::test_large_packet_channel[7-20-specs207] PASSED    [ 37%]
tests/test_stress.py::test_large_packet_channel[8-20-specs208] PASSED    [ 37%]
tests/test_stress.py::test_large_packet_channel[9-20-specs209] PASSED    [ 37%]
tests/test_stress.py::test_large_packet_channel[10-20-specs210] PASSED   [ 37%]
tests/test_stress.py::test_large_packet_channel[11-20-specs211] PASSED   [ 37%]
tests/test_stress.py::test_large_packet_channel[12-20-specs212] PASSED   [ 37%]
tests/test_stress.py::test_large_packet_channel[13-20-specs213] PASSED   [ 37%]
tests/test_stress.py::test_large_packet_channel[14-20-specs214] PASSED   [ 37%]
tests/test_stress.py::test_large_packet_channel[15-20-specs215] PASSED   [ 37%]
tests/test_stress.py::test_large_packet_channel[16-20-specs216] PASSED   [ 37%]
tests/test_stress.py::test_large_packet_channel[17-20-specs217] PASSED   [ 38%]
tests/test_stress.py::test_large_packet_channel[18-20-specs218] PASSED   [ 38%]
tests/test_stress.py::test_large_packet_channel[19-20-specs219] PASSED   [ 38%]
tests/test_stress.py::test_large_packet_channel[20-20-specs220] PASSED   [ 38%]
tests/test_stress.py::test_large_packet_channel[21-20-specs221] PASSED   [ 38%]
tests/test_stress.py::test_large_packet_channel[22-20-specs222] PASSED   [ 38%]
tests/test_stress.py::test_large_packet_channel[23-20-specs223] PASSED   [ 38%]
tests/test_stress.py::test_large_packet_channel[24-20-specs224] PASSED   [ 38%]
tests/test_stress.py::test_large_packet_channel[25-20-specs225] PASSED   [ 38%]
tests/test_stress.py::test_large_packet_channel[26-20-specs226] PASSED   [ 38%]
tests/test_stress.py::test_large_packet_channel[27-20-specs227] PASSED   [ 38%]
tests/test_stress.py::test_large_packet_channel[28-20-specs228] PASSED   [ 39%]
tests/test_stress.py::test_large_packet_channel[29-20-specs229] PASSED   [ 39%]
tests/test_stress.py::test_large_packet_channel[30-20-specs230] PASSED   [ 39%]
tests/test_stress.py::test_large_packet_channel[31-20-specs231] PASSED   [ 39%]
tests/test_stress.py::test_large_packet_channel[32-20-specs232] PASSED   [ 39%]
tests/test_stress.py::test_large_packet_channel[33-20-specs233] PASSED   [ 39%]
tests/test_stress.py::test_large_packet_channel[34-20-specs234] PASSED   [ 39%]
tests/test_stress.py::test_large_packet_channel[35-20-specs235] PASSED   [ 39%]
tests/test_stress.py::test_large_packet_channel[36-20-specs236] PASSED   [ 39%]
tests/test_stress.py::test_large_packet_channel[37-20-specs237] PASSED   [ 39%]
tests/test_stress.py::test_large_packet_channel[38-20-specs238] PASSED   [ 39%]
tests/test_stress.py::test_large_packet_channel[39-20-specs239] PASSED   [ 40%]
tests/test_stress.py::test_large_packet_channel[40-20-specs240] PASSED   [ 40%]
tests/test_stress.py::test_large_packet_channel[41-20-specs241] PASSED   [ 40%]
tests/test_stress.py::test_large_packet_channel[42-20-specs242] PASSED   [ 40%]
tests/test_stress.py::test_large_packet_channel[43-20-specs243] PASSED   [ 40%]
tests/test_stress.py::test_large_packet_channel[44-20-specs244] PASSED   [ 40%]
tests/test_stress.py::test_large_packet_channel[45-20-specs245] PASSED   [ 40%]
tests/test_stress.py::test_large_packet_channel[46-20-specs246] PASSED   [ 40%]
tests/test_stress.py::test_large_packet_channel[47-20-specs247] PASSED   [ 40%]
tests/test_stress.py::test_large_packet_channel[48-20-specs248] PASSED   [ 40%]
tests/test_stress.py::test_large_packet_channel[49-20-specs249] PASSED   [ 40%]
tests/test_stress.py::test_large_packet_channel[50-20-specs250] PASSED   [ 41%]
tests/test_stress.py::test_large_packet_channel[51-20-specs251] PASSED   [ 41%]
tests/test_stress.py::test_large_packet_channel[52-20-specs252] PASSED   [ 41%]
tests/test_stress.py::test_large_packet_channel[53-20-specs253] PASSED   [ 41%]
tests/test_stress.py::test_large_packet_channel[54-20-specs254] PASSED   [ 41%]
tests/test_stress.py::test_large_packet_channel[55-20-specs255] PASSED   [ 41%]
tests/test_stress.py::test_large_packet_channel[56-20-specs256] PASSED   [ 41%]
tests/test_stress.py::test_large_packet_channel[57-20-specs257] PASSED   [ 41%]
tests/test_stress.py::test_large_packet_channel[58-20-specs258] PASSED   [ 41%]
tests/test_stress.py::test_large_packet_channel[59-20-specs259] PASSED   [ 41%]
tests/test_stress.py::test_large_packet_channel[60-20-specs260] PASSED   [ 41%]
tests/test_stress.py::test_large_packet_channel[61-20-specs261] PASSED   [ 42%]
tests/test_stress.py::test_large_packet_channel[62-20-specs262] PASSED   [ 42%]
tests/test_stress.py::test_large_packet_channel[63-20-specs263] PASSED   [ 42%]
tests/test_stress.py::test_large_packet_channel[64-20-specs264] PASSED   [ 42%]
tests/test_stress.py::test_large_packet_channel[65-20-specs265] PASSED   [ 42%]
tests/test_stress.py::test_large_packet_channel[66-20-specs266] PASSED   [ 42%]
tests/test_stress.py::test_large_packet_channel[67-20-specs267] PASSED   [ 42%]
tests/test_stress.py::test_large_packet_channel[68-20-specs268] PASSED   [ 42%]
tests/test_stress.py::test_large_packet_channel[69-20-specs269] PASSED   [ 42%]
tests/test_stress.py::test_large_packet_channel[70-20-specs270] PASSED   [ 42%]
tests/test_stress.py::test_large_packet_channel[71-20-specs271] PASSED   [ 42%]
tests/test_stress.py::test_large_packet_channel[72-20-specs272] PASSED   [ 43%]
tests/test_stress.py::test_large_packet_channel[73-20-specs273] PASSED   [ 43%]
tests/test_stress.py::test_large_packet_channel[74-20-specs274] PASSED   [ 43%]
tests/test_stress.py::test_large_packet_channel[75-20-specs275] PASSED   [ 43%]
tests/test_stress.py::test_large_packet_channel[76-20-specs276] PASSED   [ 43%]
tests/test_stress.py::test_large_packet_channel[77-20-specs277] PASSED   [ 43%]
tests/test_stress.py::test_large_packet_channel[78-20-specs278] PASSED   [ 43%]
tests/test_stress.py::test_large_packet_channel[79-20-specs279] PASSED   [ 43%]
tests/test_stress.py::test_large_packet_channel[80-20-specs280] PASSED   [ 43%]
tests/test_stress.py::test_large_packet_channel[81-20-specs281] PASSED   [ 43%]
tests/test_stress.py::test_large_packet_channel[82-20-specs282] PASSED   [ 43%]
tests/test_stress.py::test_large_packet_channel[83-20-specs283] PASSED   [ 44%]
tests/test_stress.py::test_large_packet_channel[84-20-specs284] PASSED   [ 44%]
tests/test_stress.py::test_large_packet_channel[85-20-specs285] PASSED   [ 44%]
tests/test_stress.py::test_large_packet_channel[86-20-specs286] PASSED   [ 44%]
tests/test_stress.py::test_large_packet_channel[87-20-specs287] PASSED   [ 44%]
tests/test_stress.py::test_large_packet_channel[88-20-specs288] PASSED   [ 44%]
tests/test_stress.py::test_large_packet_channel[89-20-specs289] PASSED   [ 44%]
tests/test_stress.py::test_large_packet_channel[90-20-specs290] PASSED   [ 44%]
tests/test_stress.py::test_large_packet_channel[91-20-specs291] PASSED   [ 44%]
tests/test_stress.py::test_large_packet_channel[92-20-specs292] PASSED   [ 44%]
tests/test_stress.py::test_large_packet_channel[93-20-specs293] PASSED   [ 44%]
tests/test_stress.py::test_large_packet_channel[94-20-specs294] PASSED   [ 45%]
tests/test_stress.py::test_large_packet_channel[95-20-specs295] PASSED   [ 45%]
tests/test_stress.py::test_large_packet_channel[96-20-specs296] PASSED   [ 45%]
tests/test_stress.py::test_large_packet_channel[97-20-specs297] PASSED   [ 45%]
tests/test_stress.py::test_large_packet_channel[98-20-specs298] PASSED   [ 45%]
tests/test_stress.py::test_large_packet_channel[99-20-specs299] PASSED   [ 45%]
tests/test_stress.py::test_large_packet_channel[0-25-specs300] PASSED    [ 45%]
tests/test_stress.py::test_large_packet_channel[1-25-specs301] PASSED    [ 45%]
tests/test_stress.py::test_large_packet_channel[2-25-specs302] PASSED    [ 45%]
tests/test_stress.py::test_large_packet_channel[3-25-specs303] PASSED    [ 45%]
tests/test_stress.py::test_large_packet_channel[4-25-specs304] PASSED    [ 45%]
tests/test_stress.py::test_large_packet_channel[5-25-specs305] PASSED    [ 46%]
tests/test_stress.py::test_large_packet_channel[6-25-specs306] PASSED    [ 46%]
tests/test_stress.py::test_large_packet_channel[7-25-specs307] PASSED    [ 46%]
tests/test_stress.py::test_large_packet_channel[8-25-specs308] PASSED    [ 46%]
tests/test_stress.py::test_large_packet_channel[9-25-specs309] PASSED    [ 46%]
tests/test_stress.py::test_large_packet_channel[10-25-specs310] PASSED   [ 46%]
tests/test_stress.py::test_large_packet_channel[11-25-specs311] PASSED   [ 46%]
tests/test_stress.py::test_large_packet_channel[12-25-specs312] PASSED   [ 46%]
tests/test_stress.py::test_large_packet_channel[13-25-specs313] PASSED   [ 46%]
tests/test_stress.py::test_large_packet_channel[14-25-specs314] PASSED   [ 46%]
tests/test_stress.py::test_large_packet_channel[15-25-specs315] PASSED   [ 46%]
tests/test_stress.py::test_large_packet_channel[16-25-specs316] PASSED   [ 47%]
tests/test_stress.py::test_large_packet_channel[17-25-specs317] PASSED   [ 47%]
tests/test_stress.py::test_large_packet_channel[18-25-specs318] PASSED   [ 47%]
tests/test_stress.py::test_large_packet_channel[19-25-specs319] PASSED   [ 47%]
tests/test_stress.py::test_large_packet_channel[20-25-specs320] PASSED   [ 47%]
tests/test_stress.py::test_large_packet_channel[21-25-specs321] PASSED   [ 47%]
tests/test_stress.py::test_large_packet_channel[22-25-specs322] PASSED   [ 47%]
tests/test_stress.py::test_large_packet_channel[23-25-specs323] PASSED   [ 47%]
tests/test_stress.py::test_large_packet_channel[24-25-specs324] PASSED   [ 47%]
tests/test_stress.py::test_large_packet_channel[25-25-specs325] PASSED   [ 47%]
tests/test_stress.py::test_large_packet_channel[26-25-specs326] PASSED   [ 47%]
tests/test_stress.py::test_large_packet_channel[27-25-specs327] PASSED   [ 48%]
tests/test_stress.py::test_large_packet_channel[28-25-specs328] PASSED   [ 48%]
tests/test_stress.py::test_large_packet_channel[29-25-specs329] PASSED   [ 48%]
tests/test_stress.py::test_large_packet_channel[30-25-specs330] PASSED   [ 48%]
tests/test_stress.py::test_large_packet_channel[31-25-specs331] PASSED   [ 48%]
tests/test_stress.py::test_large_packet_channel[32-25-specs332] PASSED   [ 48%]
tests/test_stress.py::test_large_packet_channel[33-25-specs333] PASSED   [ 48%]
tests/test_stress.py::test_large_packet_channel[34-25-specs334] PASSED   [ 48%]
tests/test_stress.py::test_large_packet_channel[35-25-specs335] PASSED   [ 48%]
tests/test_stress.py::test_large_packet_channel[36-25-specs336] PASSED   [ 48%]
tests/test_stress.py::test_large_packet_channel[37-25-specs337] PASSED   [ 48%]
tests/test_stress.py::test_large_packet_channel[38-25-specs338] PASSED   [ 49%]
tests/test_stress.py::test_large_packet_channel[39-25-specs339] PASSED   [ 49%]
tests/test_stress.py::test_large_packet_channel[40-25-specs340] PASSED   [ 49%]
tests/test_stress.py::test_large_packet_channel[41-25-specs341] PASSED   [ 49%]
tests/test_stress.py::test_large_packet_channel[42-25-specs342] PASSED   [ 49%]
tests/test_stress.py::test_large_packet_channel[43-25-specs343] PASSED   [ 49%]
tests/test_stress.py::test_large_packet_channel[44-25-specs344] PASSED   [ 49%]
tests/test_stress.py::test_large_packet_channel[45-25-specs345] PASSED   [ 49%]
tests/test_stress.py::test_large_packet_channel[46-25-specs346] PASSED   [ 49%]
tests/test_stress.py::test_large_packet_channel[47-25-specs347] PASSED   [ 49%]
tests/test_stress.py::test_large_packet_channel[48-25-specs348] PASSED   [ 49%]
tests/test_stress.py::test_large_packet_channel[49-25-specs349] PASSED   [ 50%]
tests/test_stress.py::test_large_packet_channel[50-25-specs350] PASSED   [ 50%]
tests/test_stress.py::test_large_packet_channel[51-25-specs351] PASSED   [ 50%]
tests/test_stress.py::test_large_packet_channel[52-25-specs352] PASSED   [ 50%]
tests/test_stress.py::test_large_packet_channel[53-25-specs353] PASSED   [ 50%]
tests/test_stress.py::test_large_packet_channel[54-25-specs354] PASSED   [ 50%]
tests/test_stress.py::test_large_packet_channel[55-25-specs355] PASSED   [ 50%]
tests/test_stress.py::test_large_packet_channel[56-25-specs356] PASSED   [ 50%]
tests/test_stress.py::test_large_packet_channel[57-25-specs357] PASSED   [ 50%]
tests/test_stress.py::test_large_packet_channel[58-25-specs358] PASSED   [ 50%]
tests/test_stress.py::test_large_packet_channel[59-25-specs359] PASSED   [ 50%]
tests/test_stress.py::test_large_packet_channel[60-25-specs360] PASSED   [ 51%]
tests/test_stress.py::test_large_packet_channel[61-25-specs361] PASSED   [ 51%]
tests/test_stress.py::test_large_packet_channel[62-25-specs362] PASSED   [ 51%]
tests/test_stress.py::test_large_packet_channel[63-25-specs363] PASSED   [ 51%]
tests/test_stress.py::test_large_packet_channel[64-25-specs364] PASSED   [ 51%]
tests/test_stress.py::test_large_packet_channel[65-25-specs365] PASSED   [ 51%]
tests/test_stress.py::test_large_packet_channel[66-25-specs366] PASSED   [ 51%]
tests/test_stress.py::test_large_packet_channel[67-25-specs367] PASSED   [ 51%]
tests/test_stress.py::test_large_packet_channel[68-25-specs368] PASSED   [ 51%]
tests/test_stress.py::test_large_packet_channel[69-25-specs369] PASSED   [ 51%]
tests/test_stress.py::test_large_packet_channel[70-25-specs370] PASSED   [ 51%]
tests/test_stress.py::test_large_packet_channel[71-25-specs371] PASSED   [ 52%]
tests/test_stress.py::test_large_packet_channel[72-25-specs372] PASSED   [ 52%]
tests/test_stress.py::test_large_packet_channel[73-25-specs373] PASSED   [ 52%]
tests/test_stress.py::test_large_packet_channel[74-25-specs374] PASSED   [ 52%]
tests/test_stress.py::test_large_packet_channel[75-25-specs375] PASSED   [ 52%]
tests/test_stress.py::test_large_packet_channel[76-25-specs376] PASSED   [ 52%]
tests/test_stress.py::test_large_packet_channel[77-25-specs377] PASSED   [ 52%]
tests/test_stress.py::test_large_packet_channel[78-25-specs378] PASSED   [ 52%]
tests/test_stress.py::test_large_packet_channel[79-25-specs379] PASSED   [ 52%]
tests/test_stress.py::test_large_packet_channel[80-25-specs380] PASSED   [ 52%]
tests/test_stress.py::test_large_packet_channel[81-25-specs381] PASSED   [ 52%]
tests/test_stress.py::test_large_packet_channel[82-25-specs382] PASSED   [ 53%]
tests/test_stress.py::test_large_packet_channel[83-25-specs383] PASSED   [ 53%]
tests/test_stress.py::test_large_packet_channel[84-25-specs384] PASSED   [ 53%]
tests/test_stress.py::test_large_packet_channel[85-25-specs385] PASSED   [ 53%]
tests/test_stress.py::test_large_packet_channel[86-25-specs386] PASSED   [ 53%]
tests/test_stress.py::test_large_packet_channel[87-25-specs387] PASSED   [ 53%]
tests/test_stress.py::test_large_packet_channel[88-25-specs388] PASSED   [ 53%]
tests/test_stress.py::test_large_packet_channel[89-25-specs389] PASSED   [ 53%]
tests/test_stress.py::test_large_packet_channel[90-25-specs390] PASSED   [ 53%]
tests/test_stress.py::test_large_packet_channel[91-25-specs391] PASSED   [ 53%]
tests/test_stress.py::test_large_packet_channel[92-25-specs392] PASSED   [ 53%]
tests/test_stress.py::test_large_packet_channel[93-25-specs393] PASSED   [ 54%]
tests/test_stress.py::test_large_packet_channel[94-25-specs394] PASSED   [ 54%]
tests/test_stress.py::test_large_packet_channel[95-25-specs395] PASSED   [ 54%]
tests/test_stress.py::test_large_packet_channel[96-25-specs396] PASSED   [ 54%]
tests/test_stress.py::test_large_packet_channel[97-25-specs397] PASSED   [ 54%]
tests/test_stress.py::test_large_packet_channel[98-25-specs398] PASSED   [ 54%]
tests/test_stress.py::test_large_packet_channel[99-25-specs399] PASSED   [ 54%]
tests/test_stress.py::test_large_packet_channel[0-30-specs400] PASSED    [ 54%]
tests/test_stress.py::test_large_packet_channel[1-30-specs401] PASSED    [ 54%]
tests/test_stress.py::test_large_packet_channel[2-30-specs402] PASSED    [ 54%]
tests/test_stress.py::test_large_packet_channel[3-30-specs403] PASSED    [ 54%]
tests/test_stress.py::test_large_packet_channel[4-30-specs404] PASSED    [ 55%]
tests/test_stress.py::test_large_packet_channel[5-30-specs405] PASSED    [ 55%]
tests/test_stress.py::test_large_packet_channel[6-30-specs406] PASSED    [ 55%]
tests/test_stress.py::test_large_packet_channel[7-30-specs407] PASSED    [ 55%]
tests/test_stress.py::test_large_packet_channel[8-30-specs408] PASSED    [ 55%]
tests/test_stress.py::test_large_packet_channel[9-30-specs409] PASSED    [ 55%]
tests/test_stress.py::test_large_packet_channel[10-30-specs410] PASSED   [ 55%]
tests/test_stress.py::test_large_packet_channel[11-30-specs411] PASSED   [ 55%]
tests/test_stress.py::test_large_packet_channel[12-30-specs412] PASSED   [ 55%]
tests/test_stress.py::test_large_packet_channel[13-30-specs413] PASSED   [ 55%]
tests/test_stress.py::test_large_packet_channel[14-30-specs414] PASSED   [ 55%]
tests/test_stress.py::test_large_packet_channel[15-30-specs415] PASSED   [ 56%]
tests/test_stress.py::test_large_packet_channel[16-30-specs416] PASSED   [ 56%]
tests/test_stress.py::test_large_packet_channel[17-30-specs417] PASSED   [ 56%]
tests/test_stress.py::test_large_packet_channel[18-30-specs418] PASSED   [ 56%]
tests/test_stress.py::test_large_packet_channel[19-30-specs419] PASSED   [ 56%]
tests/test_stress.py::test_large_packet_channel[20-30-specs420] PASSED   [ 56%]
tests/test_stress.py::test_large_packet_channel[21-30-specs421] PASSED   [ 56%]
tests/test_stress.py::test_large_packet_channel[22-30-specs422] PASSED   [ 56%]
tests/test_stress.py::test_large_packet_channel[23-30-specs423] PASSED   [ 56%]
tests/test_stress.py::test_large_packet_channel[24-30-specs424] PASSED   [ 56%]
tests/test_stress.py::test_large_packet_channel[25-30-specs425] PASSED   [ 56%]
tests/test_stress.py::test_large_packet_channel[26-30-specs426] PASSED   [ 57%]
tests/test_stress.py::test_large_packet_channel[27-30-specs427] PASSED   [ 57%]
tests/test_stress.py::test_large_packet_channel[28-30-specs428] PASSED   [ 57%]
tests/test_stress.py::test_large_packet_channel[29-30-specs429] PASSED   [ 57%]
tests/test_stress.py::test_large_packet_channel[30-30-specs430] PASSED   [ 57%]
tests/test_stress.py::test_large_packet_channel[31-30-specs431] PASSED   [ 57%]
tests/test_stress.py::test_large_packet_channel[32-30-specs432] PASSED   [ 57%]
tests/test_stress.py::test_large_packet_channel[33-30-specs433] PASSED   [ 57%]
tests/test_stress.py::test_large_packet_channel[34-30-specs434] PASSED   [ 57%]
tests/test_stress.py::test_large_packet_channel[35-30-specs435] PASSED   [ 57%]
tests/test_stress.py::test_large_packet_channel[36-30-specs436] PASSED   [ 57%]
tests/test_stress.py::test_large_packet_channel[37-30-specs437] PASSED   [ 58%]
tests/test_stress.py::test_large_packet_channel[38-30-specs438] PASSED   [ 58%]
tests/test_stress.py::test_large_packet_channel[39-30-specs439] PASSED   [ 58%]
tests/test_stress.py::test_large_packet_channel[40-30-specs440] PASSED   [ 58%]
tests/test_stress.py::test_large_packet_channel[41-30-specs441] PASSED   [ 58%]
tests/test_stress.py::test_large_packet_channel[42-30-specs442] PASSED   [ 58%]
tests/test_stress.py::test_large_packet_channel[43-30-specs443] PASSED   [ 58%]
tests/test_stress.py::test_large_packet_channel[44-30-specs444] PASSED   [ 58%]
tests/test_stress.py::test_large_packet_channel[45-30-specs445] PASSED   [ 58%]
tests/test_stress.py::test_large_packet_channel[46-30-specs446] PASSED   [ 58%]
tests/test_stress.py::test_large_packet_channel[47-30-specs447] PASSED   [ 58%]
tests/test_stress.py::test_large_packet_channel[48-30-specs448] PASSED   [ 59%]
tests/test_stress.py::test_large_packet_channel[49-30-specs449] PASSED   [ 59%]
tests/test_stress.py::test_large_packet_channel[50-30-specs450] PASSED   [ 59%]
tests/test_stress.py::test_large_packet_channel[51-30-specs451] PASSED   [ 59%]
tests/test_stress.py::test_large_packet_channel[52-30-specs452] PASSED   [ 59%]
tests/test_stress.py::test_large_packet_channel[53-30-specs453] PASSED   [ 59%]
tests/test_stress.py::test_large_packet_channel[54-30-specs454] PASSED   [ 59%]
tests/test_stress.py::test_large_packet_channel[55-30-specs455] PASSED   [ 59%]
tests/test_stress.py::test_large_packet_channel[56-30-specs456] PASSED   [ 59%]
tests/test_stress.py::test_large_packet_channel[57-30-specs457] PASSED   [ 59%]
tests/test_stress.py::test_large_packet_channel[58-30-specs458] PASSED   [ 59%]
tests/test_stress.py::test_large_packet_channel[59-30-specs459] PASSED   [ 60%]
tests/test_stress.py::test_large_packet_channel[60-30-specs460] PASSED   [ 60%]
tests/test_stress.py::test_large_packet_channel[61-30-specs461] PASSED   [ 60%]
tests/test_stress.py::test_large_packet_channel[62-30-specs462] PASSED   [ 60%]
tests/test_stress.py::test_large_packet_channel[63-30-specs463] PASSED   [ 60%]
tests/test_stress.py::test_large_packet_channel[64-30-specs464] PASSED   [ 60%]
tests/test_stress.py::test_large_packet_channel[65-30-specs465] PASSED   [ 60%]
tests/test_stress.py::test_large_packet_channel[66-30-specs466] PASSED   [ 60%]
tests/test_stress.py::test_large_packet_channel[67-30-specs467] PASSED   [ 60%]
tests/test_stress.py::test_large_packet_channel[68-30-specs468] PASSED   [ 60%]
tests/test_stress.py::test_large_packet_channel[69-30-specs469] PASSED   [ 60%]
tests/test_stress.py::test_large_packet_channel[70-30-specs470] PASSED   [ 61%]
tests/test_stress.py::test_large_packet_channel[71-30-specs471] PASSED   [ 61%]
tests/test_stress.py::test_large_packet_channel[72-30-specs472] PASSED   [ 61%]
tests/test_stress.py::test_large_packet_channel[73-30-specs473] PASSED   [ 61%]
tests/test_stress.py::test_large_packet_channel[74-30-specs474] PASSED   [ 61%]
tests/test_stress.py::test_large_packet_channel[75-30-specs475] PASSED   [ 61%]
tests/test_stress.py::test_large_packet_channel[76-30-specs476] PASSED   [ 61%]
tests/test_stress.py::test_large_packet_channel[77-30-specs477] PASSED   [ 61%]
tests/test_stress.py::test_large_packet_channel[78-30-specs478] PASSED   [ 61%]
tests/test_stress.py::test_large_packet_channel[79-30-specs479] PASSED   [ 61%]
tests/test_stress.py::test_large_packet_channel[80-30-specs480] PASSED   [ 61%]
tests/test_stress.py::test_large_packet_channel[81-30-specs481] PASSED   [ 62%]
tests/test_stress.py::test_large_packet_channel[82-30-specs482] PASSED   [ 62%]
tests/test_stress.py::test_large_packet_channel[83-30-specs483] PASSED   [ 62%]
tests/test_stress.py::test_large_packet_channel[84-30-specs484] PASSED   [ 62%]
tests/test_stress.py::test_large_packet_channel[85-30-specs485] PASSED   [ 62%]
tests/test_stress.py::test_large_packet_channel[86-30-specs486] PASSED   [ 62%]
tests/test_stress.py::test_large_packet_channel[87-30-specs487] PASSED   [ 62%]
tests/test_stress.py::test_large_packet_channel[88-30-specs488] PASSED   [ 62%]
tests/test_stress.py::test_large_packet_channel[89-30-specs489] PASSED   [ 62%]
tests/test_stress.py::test_large_packet_channel[90-30-specs490] PASSED   [ 62%]
tests/test_stress.py::test_large_packet_channel[91-30-specs491] PASSED   [ 62%]
tests/test_stress.py::test_large_packet_channel[92-30-specs492] PASSED   [ 63%]
tests/test_stress.py::test_large_packet_channel[93-30-specs493] PASSED   [ 63%]
tests/test_stress.py::test_large_packet_channel[94-30-specs494] PASSED   [ 63%]
tests/test_stress.py::test_large_packet_channel[95-30-specs495] PASSED   [ 63%]
tests/test_stress.py::test_large_packet_channel[96-30-specs496] PASSED   [ 63%]
tests/test_stress.py::test_large_packet_channel[97-30-specs497] PASSED   [ 63%]
tests/test_stress.py::test_large_packet_channel[98-30-specs498] PASSED   [ 63%]
tests/test_stress.py::test_large_packet_channel[99-30-specs499] PASSED   [ 63%]
tests/test_stress.py::test_burst_channel[0-18-specs0] PASSED             [ 63%]
tests/test_stress.py::test_burst_channel[1-18-specs1] PASSED             [ 63%]
tests/test_stress.py::test_burst_channel[2-18-specs2] PASSED             [ 63%]
tests/test_stress.py::test_burst_channel[3-18-specs3] PASSED             [ 64%]
tests/test_stress.py::test_burst_channel[4-18-specs4] PASSED             [ 64%]
tests/test_stress.py::test_burst_channel[5-18-specs5] PASSED             [ 64%]
tests/test_stress.py::test_burst_channel[6-18-specs6] PASSED             [ 64%]
tests/test_stress.py::test_burst_channel[7-18-specs7] PASSED             [ 64%]
tests/test_stress.py::test_burst_channel[8-18-specs8] PASSED             [ 64%]
tests/test_stress.py::test_burst_channel[9-18-specs9] PASSED             [ 64%]
tests/test_stress.py::test_burst_channel[10-18-specs10] PASSED           [ 64%]
tests/test_stress.py::test_burst_channel[11-18-specs11] PASSED           [ 64%]
tests/test_stress.py::test_burst_channel[12-18-specs12] PASSED           [ 64%]
tests/test_stress.py::test_burst_channel[13-18-specs13] PASSED           [ 64%]
tests/test_stress.py::test_burst_channel[14-18-specs14] PASSED           [ 65%]
tests/test_stress.py::test_burst_channel[15-18-specs15] PASSED           [ 65%]
tests/test_stress.py::test_burst_channel[16-18-specs16] PASSED           [ 65%]
tests/test_stress.py::test_burst_channel[17-18-specs17] PASSED           [ 65%]
tests/test_stress.py::test_burst_channel[18-18-specs18] PASSED           [ 65%]
tests/test_stress.py::test_burst_channel[19-18-specs19] PASSED           [ 65%]
tests/test_stress.py::test_burst_channel[20-18-specs20] PASSED           [ 65%]
tests/test_stress.py::test_burst_channel[21-18-specs21] PASSED           [ 65%]
tests/test_stress.py::test_burst_channel[22-18-specs22] PASSED           [ 65%]
tests/test_stress.py::test_burst_channel[23-18-specs23] PASSED           [ 65%]
tests/test_stress.py::test_burst_channel[24-18-specs24] PASSED           [ 65%]
tests/test_stress.py::test_burst_channel[25-18-specs25] PASSED           [ 66%]
tests/test_stress.py::test_burst_channel[26-18-specs26] PASSED           [ 66%]
tests/test_stress.py::test_burst_channel[27-18-specs27] PASSED           [ 66%]
tests/test_stress.py::test_burst_channel[28-18-specs28] PASSED           [ 66%]
tests/test_stress.py::test_burst_channel[29-18-specs29] PASSED           [ 66%]
tests/test_stress.py::test_burst_channel[30-18-specs30] PASSED           [ 66%]
tests/test_stress.py::test_burst_channel[31-18-specs31] PASSED           [ 66%]
tests/test_stress.py::test_burst_channel[32-18-specs32] PASSED           [ 66%]
tests/test_stress.py::test_burst_channel[33-18-specs33] PASSED           [ 66%]
tests/test_stress.py::test_burst_channel[34-18-specs34] PASSED           [ 66%]
tests/test_stress.py::test_burst_channel[35-18-specs35] PASSED           [ 66%]
tests/test_stress.py::test_burst_channel[36-18-specs36] PASSED           [ 67%]
tests/test_stress.py::test_burst_channel[37-18-specs37] PASSED           [ 67%]
tests/test_stress.py::test_burst_channel[38-18-specs38] PASSED           [ 67%]
tests/test_stress.py::test_burst_channel[39-18-specs39] PASSED           [ 67%]
tests/test_stress.py::test_burst_channel[40-18-specs40] PASSED           [ 67%]
tests/test_stress.py::test_burst_channel[41-18-specs41] PASSED           [ 67%]
tests/test_stress.py::test_burst_channel[42-18-specs42] PASSED           [ 67%]
tests/test_stress.py::test_burst_channel[43-18-specs43] PASSED           [ 67%]
tests/test_stress.py::test_burst_channel[44-18-specs44] PASSED           [ 67%]
tests/test_stress.py::test_burst_channel[45-18-specs45] PASSED           [ 67%]
tests/test_stress.py::test_burst_channel[46-18-specs46] PASSED           [ 67%]
tests/test_stress.py::test_burst_channel[47-18-specs47] PASSED           [ 68%]
tests/test_stress.py::test_burst_channel[48-18-specs48] PASSED           [ 68%]
tests/test_stress.py::test_burst_channel[49-18-specs49] PASSED           [ 68%]
tests/test_stress.py::test_burst_channel[0-20-specs50] PASSED            [ 68%]
tests/test_stress.py::test_burst_channel[1-20-specs51] PASSED            [ 68%]
tests/test_stress.py::test_burst_channel[2-20-specs52] PASSED            [ 68%]
tests/test_stress.py::test_burst_channel[3-20-specs53] PASSED            [ 68%]
tests/test_stress.py::test_burst_channel[4-20-specs54] PASSED            [ 68%]
tests/test_stress.py::test_burst_channel[5-20-specs55] PASSED            [ 68%]
tests/test_stress.py::test_burst_channel[6-20-specs56] PASSED            [ 68%]
tests/test_stress.py::test_burst_channel[7-20-specs57] PASSED            [ 68%]
tests/test_stress.py::test_burst_channel[8-20-specs58] PASSED            [ 69%]
tests/test_stress.py::test_burst_channel[9-20-specs59] PASSED            [ 69%]
tests/test_stress.py::test_burst_channel[10-20-specs60] PASSED           [ 69%]
tests/test_stress.py::test_burst_channel[11-20-specs61] PASSED           [ 69%]
tests/test_stress.py::test_burst_channel[12-20-specs62] PASSED           [ 69%]
tests/test_stress.py::test_burst_channel[13-20-specs63] PASSED           [ 69%]
tests/test_stress.py::test_burst_channel[14-20-specs64] PASSED           [ 69%]
tests/test_stress.py::test_burst_channel[15-20-specs65] PASSED           [ 69%]
tests/test_stress.py::test_burst_channel[16-20-specs66] PASSED           [ 69%]
tests/test_stress.py::test_burst_channel[17-20-specs67] PASSED           [ 69%]
tests/test_stress.py::test_burst_channel[18-20-specs68] PASSED           [ 69%]
tests/test_stress.py::test_burst_channel[19-20-specs69] PASSED           [ 70%]
tests/test_stress.py::test_burst_channel[20-20-specs70] PASSED           [ 70%]
tests/test_stress.py::test_burst_channel[21-20-specs71] PASSED           [ 70%]
tests/test_stress.py::test_burst_channel[22-20-specs72] PASSED           [ 70%]
tests/test_stress.py::test_burst_channel[23-20-specs73] PASSED           [ 70%]
tests/test_stress.py::test_burst_channel[24-20-specs74] PASSED           [ 70%]
tests/test_stress.py::test_burst_channel[25-20-specs75] PASSED           [ 70%]
tests/test_stress.py::test_burst_channel[26-20-specs76] PASSED           [ 70%]
tests/test_stress.py::test_burst_channel[27-20-specs77] PASSED           [ 70%]
tests/test_stress.py::test_burst_channel[28-20-specs78] PASSED           [ 70%]
tests/test_stress.py::test_burst_channel[29-20-specs79] PASSED           [ 70%]
tests/test_stress.py::test_burst_channel[30-20-specs80] PASSED           [ 71%]
tests/test_stress.py::test_burst_channel[31-20-specs81] PASSED           [ 71%]
tests/test_stress.py::test_burst_channel[32-20-specs82] PASSED           [ 71%]
tests/test_stress.py::test_burst_channel[33-20-specs83] PASSED           [ 71%]
tests/test_stress.py::test_burst_channel[34-20-specs84] PASSED           [ 71%]
tests/test_stress.py::test_burst_channel[35-20-specs85] PASSED           [ 71%]
tests/test_stress.py::test_burst_channel[36-20-specs86] PASSED           [ 71%]
tests/test_stress.py::test_burst_channel[37-20-specs87] PASSED           [ 71%]
tests/test_stress.py::test_burst_channel[38-20-specs88] PASSED           [ 71%]
tests/test_stress.py::test_burst_channel[39-20-specs89] PASSED           [ 71%]
tests/test_stress.py::test_burst_channel[40-20-specs90] PASSED           [ 71%]
tests/test_stress.py::test_burst_channel[41-20-specs91] PASSED           [ 72%]
tests/test_stress.py::test_burst_channel[42-20-specs92] PASSED           [ 72%]
tests/test_stress.py::test_burst_channel[43-20-specs93] PASSED           [ 72%]
tests/test_stress.py::test_burst_channel[44-20-specs94] PASSED           [ 72%]
tests/test_stress.py::test_burst_channel[45-20-specs95] PASSED           [ 72%]
tests/test_stress.py::test_burst_channel[46-20-specs96] PASSED           [ 72%]
tests/test_stress.py::test_burst_channel[47-20-specs97] PASSED           [ 72%]
tests/test_stress.py::test_burst_channel[48-20-specs98] PASSED           [ 72%]
tests/test_stress.py::test_burst_channel[49-20-specs99] PASSED           [ 72%]
tests/test_stress.py::test_burst_channel[0-25-specs100] PASSED           [ 72%]
tests/test_stress.py::test_burst_channel[1-25-specs101] PASSED           [ 72%]
tests/test_stress.py::test_burst_channel[2-25-specs102] PASSED           [ 73%]
tests/test_stress.py::test_burst_channel[3-25-specs103] PASSED           [ 73%]
tests/test_stress.py::test_burst_channel[4-25-specs104] PASSED           [ 73%]
tests/test_stress.py::test_burst_channel[5-25-specs105] PASSED           [ 73%]
tests/test_stress.py::test_burst_channel[6-25-specs106] PASSED           [ 73%]
tests/test_stress.py::test_burst_channel[7-25-specs107] PASSED           [ 73%]
tests/test_stress.py::test_burst_channel[8-25-specs108] PASSED           [ 73%]
tests/test_stress.py::test_burst_channel[9-25-specs109] PASSED           [ 73%]
tests/test_stress.py::test_burst_channel[10-25-specs110] PASSED          [ 73%]
tests/test_stress.py::test_burst_channel[11-25-specs111] PASSED          [ 73%]
tests/test_stress.py::test_burst_channel[12-25-specs112] PASSED          [ 73%]
tests/test_stress.py::test_burst_channel[13-25-specs113] PASSED          [ 74%]
tests/test_stress.py::test_burst_channel[14-25-specs114] PASSED          [ 74%]
tests/test_stress.py::test_burst_channel[15-25-specs115] PASSED          [ 74%]
tests/test_stress.py::test_burst_channel[16-25-specs116] PASSED          [ 74%]
tests/test_stress.py::test_burst_channel[17-25-specs117] PASSED          [ 74%]
tests/test_stress.py::test_burst_channel[18-25-specs118] PASSED          [ 74%]
tests/test_stress.py::test_burst_channel[19-25-specs119] PASSED          [ 74%]
tests/test_stress.py::test_burst_channel[20-25-specs120] PASSED          [ 74%]
tests/test_stress.py::test_burst_channel[21-25-specs121] PASSED          [ 74%]
tests/test_stress.py::test_burst_channel[22-25-specs122] PASSED          [ 74%]
tests/test_stress.py::test_burst_channel[23-25-specs123] PASSED          [ 74%]
tests/test_stress.py::test_burst_channel[24-25-specs124] PASSED          [ 75%]
tests/test_stress.py::test_burst_channel[25-25-specs125] PASSED          [ 75%]
tests/test_stress.py::test_burst_channel[26-25-specs126] PASSED          [ 75%]
tests/test_stress.py::test_burst_channel[27-25-specs127] PASSED          [ 75%]
tests/test_stress.py::test_burst_channel[28-25-specs128] PASSED          [ 75%]
tests/test_stress.py::test_burst_channel[29-25-specs129] PASSED          [ 75%]
tests/test_stress.py::test_burst_channel[30-25-specs130] PASSED          [ 75%]
tests/test_stress.py::test_burst_channel[31-25-specs131] PASSED          [ 75%]
tests/test_stress.py::test_burst_channel[32-25-specs132] PASSED          [ 75%]
tests/test_stress.py::test_burst_channel[33-25-specs133] PASSED          [ 75%]
tests/test_stress.py::test_burst_channel[34-25-specs134] PASSED          [ 75%]
tests/test_stress.py::test_burst_channel[35-25-specs135] PASSED          [ 76%]
tests/test_stress.py::test_burst_channel[36-25-specs136] PASSED          [ 76%]
tests/test_stress.py::test_burst_channel[37-25-specs137] PASSED          [ 76%]
tests/test_stress.py::test_burst_channel[38-25-specs138] PASSED          [ 76%]
tests/test_stress.py::test_burst_channel[39-25-specs139] PASSED          [ 76%]
tests/test_stress.py::test_burst_channel[40-25-specs140] PASSED          [ 76%]
tests/test_stress.py::test_burst_channel[41-25-specs141] PASSED          [ 76%]
tests/test_stress.py::test_burst_channel[42-25-specs142] PASSED          [ 76%]
tests/test_stress.py::test_burst_channel[43-25-specs143] PASSED          [ 76%]
tests/test_stress.py::test_burst_channel[44-25-specs144] PASSED          [ 76%]
tests/test_stress.py::test_burst_channel[45-25-specs145] PASSED          [ 76%]
tests/test_stress.py::test_burst_channel[46-25-specs146] PASSED          [ 77%]
tests/test_stress.py::test_burst_channel[47-25-specs147] PASSED          [ 77%]
tests/test_stress.py::test_burst_channel[48-25-specs148] PASSED          [ 77%]
tests/test_stress.py::test_burst_channel[49-25-specs149] PASSED          [ 77%]
tests/test_stress.py::test_burst_channel[0-30-specs150] PASSED           [ 77%]
tests/test_stress.py::test_burst_channel[1-30-specs151] PASSED           [ 77%]
tests/test_stress.py::test_burst_channel[2-30-specs152] PASSED           [ 77%]
tests/test_stress.py::test_burst_channel[3-30-specs153] PASSED           [ 77%]
tests/test_stress.py::test_burst_channel[4-30-specs154] PASSED           [ 77%]
tests/test_stress.py::test_burst_channel[5-30-specs155] PASSED           [ 77%]
tests/test_stress.py::test_burst_channel[6-30-specs156] PASSED           [ 77%]
tests/test_stress.py::test_burst_channel[7-30-specs157] PASSED           [ 78%]
tests/test_stress.py::test_burst_channel[8-30-specs158] PASSED           [ 78%]
tests/test_stress.py::test_burst_channel[9-30-specs159] PASSED           [ 78%]
tests/test_stress.py::test_burst_channel[10-30-specs160] PASSED          [ 78%]
tests/test_stress.py::test_burst_channel[11-30-specs161] PASSED          [ 78%]
tests/test_stress.py::test_burst_channel[12-30-specs162] PASSED          [ 78%]
tests/test_stress.py::test_burst_channel[13-30-specs163] PASSED          [ 78%]
tests/test_stress.py::test_burst_channel[14-30-specs164] PASSED          [ 78%]
tests/test_stress.py::test_burst_channel[15-30-specs165] PASSED          [ 78%]
tests/test_stress.py::test_burst_channel[16-30-specs166] PASSED          [ 78%]
tests/test_stress.py::test_burst_channel[17-30-specs167] PASSED          [ 78%]
tests/test_stress.py::test_burst_channel[18-30-specs168] PASSED          [ 79%]
tests/test_stress.py::test_burst_channel[19-30-specs169] PASSED          [ 79%]
tests/test_stress.py::test_burst_channel[20-30-specs170] PASSED          [ 79%]
tests/test_stress.py::test_burst_channel[21-30-specs171] PASSED          [ 79%]
tests/test_stress.py::test_burst_channel[22-30-specs172] PASSED          [ 79%]
tests/test_stress.py::test_burst_channel[23-30-specs173] PASSED          [ 79%]
tests/test_stress.py::test_burst_channel[24-30-specs174] PASSED          [ 79%]
tests/test_stress.py::test_burst_channel[25-30-specs175] PASSED          [ 79%]
tests/test_stress.py::test_burst_channel[26-30-specs176] PASSED          [ 79%]
tests/test_stress.py::test_burst_channel[27-30-specs177] PASSED          [ 79%]
tests/test_stress.py::test_burst_channel[28-30-specs178] PASSED          [ 79%]
tests/test_stress.py::test_burst_channel[29-30-specs179] PASSED          [ 80%]
tests/test_stress.py::test_burst_channel[30-30-specs180] PASSED          [ 80%]
tests/test_stress.py::test_burst_channel[31-30-specs181] PASSED          [ 80%]
tests/test_stress.py::test_burst_channel[32-30-specs182] PASSED          [ 80%]
tests/test_stress.py::test_burst_channel[33-30-specs183] PASSED          [ 80%]
tests/test_stress.py::test_burst_channel[34-30-specs184] PASSED          [ 80%]
tests/test_stress.py::test_burst_channel[35-30-specs185] PASSED          [ 80%]
tests/test_stress.py::test_burst_channel[36-30-specs186] PASSED          [ 80%]
tests/test_stress.py::test_burst_channel[37-30-specs187] PASSED          [ 80%]
tests/test_stress.py::test_burst_channel[38-30-specs188] PASSED          [ 80%]
tests/test_stress.py::test_burst_channel[39-30-specs189] PASSED          [ 80%]
tests/test_stress.py::test_burst_channel[40-30-specs190] PASSED          [ 81%]
tests/test_stress.py::test_burst_channel[41-30-specs191] PASSED          [ 81%]
tests/test_stress.py::test_burst_channel[42-30-specs192] PASSED          [ 81%]
tests/test_stress.py::test_burst_channel[43-30-specs193] PASSED          [ 81%]
tests/test_stress.py::test_burst_channel[44-30-specs194] PASSED          [ 81%]
tests/test_stress.py::test_burst_channel[45-30-specs195] PASSED          [ 81%]
tests/test_stress.py::test_burst_channel[46-30-specs196] PASSED          [ 81%]
tests/test_stress.py::test_burst_channel[47-30-specs197] PASSED          [ 81%]
tests/test_stress.py::test_burst_channel[48-30-specs198] PASSED          [ 81%]
tests/test_stress.py::test_burst_channel[49-30-specs199] PASSED          [ 81%]
tests/test_stress.py::test_bursty_with_gaps[0-groups0-silences0] PASSED  [ 81%]
tests/test_stress.py::test_bursty_with_gaps[1-groups1-silences1] PASSED  [ 82%]
tests/test_stress.py::test_bursty_with_gaps[2-groups2-silences2] PASSED  [ 82%]
tests/test_stress.py::test_bursty_with_gaps[3-groups3-silences3] PASSED  [ 82%]
tests/test_stress.py::test_bursty_with_gaps[4-groups4-silences4] PASSED  [ 82%]
tests/test_stress.py::test_bursty_with_gaps[5-groups5-silences5] PASSED  [ 82%]
tests/test_stress.py::test_bursty_with_gaps[6-groups6-silences6] PASSED  [ 82%]
tests/test_stress.py::test_bursty_with_gaps[7-groups7-silences7] PASSED  [ 82%]
tests/test_stress.py::test_bursty_with_gaps[8-groups8-silences8] PASSED  [ 82%]
tests/test_stress.py::test_bursty_with_gaps[9-groups9-silences9] PASSED  [ 82%]
tests/test_stress.py::test_bursty_with_gaps[10-groups10-silences10] PASSED [ 82%]
tests/test_stress.py::test_bursty_with_gaps[11-groups11-silences11] PASSED [ 82%]
tests/test_stress.py::test_bursty_with_gaps[12-groups12-silences12] PASSED [ 83%]
tests/test_stress.py::test_bursty_with_gaps[13-groups13-silences13] PASSED [ 83%]
tests/test_stress.py::test_bursty_with_gaps[14-groups14-silences14] PASSED [ 83%]
tests/test_stress.py::test_bursty_with_gaps[15-groups15-silences15] PASSED [ 83%]
tests/test_stress.py::test_bursty_with_gaps[16-groups16-silences16] PASSED [ 83%]
tests/test_stress.py::test_bursty_with_gaps[17-groups17-silences17] PASSED [ 83%]
tests/test_stress.py::test_bursty_with_gaps[18-groups18-silences18] PASSED [ 83%]
tests/test_stress.py::test_bursty_with_gaps[19-groups19-silences19] PASSED [ 83%]
tests/test_stress.py::test_bursty_with_gaps[20-groups20-silences20] PASSED [ 83%]
tests/test_stress.py::test_bursty_with_gaps[21-groups21-silences21] PASSED [ 83%]
tests/test_stress.py::test_bursty_with_gaps[22-groups22-silences22] PASSED [ 83%]
tests/test_stress.py::test_bursty_with_gaps[23-groups23-silences23] PASSED [ 84%]
tests/test_stress.py::test_bursty_with_gaps[24-groups24-silences24] PASSED [ 84%]
tests/test_stress.py::test_bursty_with_gaps[25-groups25-silences25] PASSED [ 84%]
tests/test_stress.py::test_bursty_with_gaps[26-groups26-silences26] PASSED [ 84%]
tests/test_stress.py::test_bursty_with_gaps[27-groups27-silences27] PASSED [ 84%]
tests/test_stress.py::test_bursty_with_gaps[28-groups28-silences28] PASSED [ 84%]
tests/test_stress.py::test_bursty_with_gaps[29-groups29-silences29] PASSED [ 84%]
tests/test_stress.py::test_bursty_with_gaps[30-groups30-silences30] PASSED [ 84%]
tests/test_stress.py::test_bursty_with_gaps[31-groups31-silences31] PASSED [ 84%]
tests/test_stress.py::test_bursty_with_gaps[32-groups32-silences32] PASSED [ 84%]
tests/test_stress.py::test_bursty_with_gaps[33-groups33-silences33] PASSED [ 84%]
tests/test_stress.py::test_bursty_with_gaps[34-groups34-silences34] PASSED [ 85%]
tests/test_stress.py::test_bursty_with_gaps[35-groups35-silences35] PASSED [ 85%]
tests/test_stress.py::test_bursty_with_gaps[36-groups36-silences36] PASSED [ 85%]
tests/test_stress.py::test_bursty_with_gaps[37-groups37-silences37] PASSED [ 85%]
tests/test_stress.py::test_bursty_with_gaps[38-groups38-silences38] PASSED [ 85%]
tests/test_stress.py::test_bursty_with_gaps[39-groups39-silences39] PASSED [ 85%]
tests/test_stress.py::test_bursty_with_gaps[40-groups40-silences40] PASSED [ 85%]
tests/test_stress.py::test_bursty_with_gaps[41-groups41-silences41] PASSED [ 85%]
tests/test_stress.py::test_bursty_with_gaps[42-groups42-silences42] PASSED [ 85%]
tests/test_stress.py::test_bursty_with_gaps[43-groups43-silences43] PASSED [ 85%]
tests/test_stress.py::test_bursty_with_gaps[44-groups44-silences44] PASSED [ 85%]
tests/test_stress.py::test_bursty_with_gaps[45-groups45-silences45] PASSED [ 86%]
tests/test_stress.py::test_bursty_with_gaps[46-groups46-silences46] PASSED [ 86%]
tests/test_stress.py::test_bursty_with_gaps[47-groups47-silences47] PASSED [ 86%]
tests/test_stress.py::test_bursty_with_gaps[48-groups48-silences48] PASSED [ 86%]
tests/test_stress.py::test_bursty_with_gaps[49-groups49-silences49] PASSED [ 86%]
tests/test_stress.py::test_bursty_with_gaps_channel[20-0-groups0-silences0] PASSED [ 86%]
tests/test_stress.py::test_bursty_with_gaps_channel[20-1-groups1-silences1] PASSED [ 86%]
tests/test_stress.py::test_bursty_with_gaps_channel[20-2-groups2-silences2] PASSED [ 86%]
tests/test_stress.py::test_bursty_with_gaps_channel[20-3-groups3-silences3] PASSED [ 86%]
tests/test_stress.py::test_bursty_with_gaps_channel[20-4-groups4-silences4] PASSED [ 86%]
tests/test_stress.py::test_bursty_with_gaps_channel[20-5-groups5-silences5] PASSED [ 86%]
tests/test_stress.py::test_bursty_with_gaps_channel[20-6-groups6-silences6] PASSED [ 87%]
tests/test_stress.py::test_bursty_with_gaps_channel[20-7-groups7-silences7] PASSED [ 87%]
tests/test_stress.py::test_bursty_with_gaps_channel[20-8-groups8-silences8] PASSED [ 87%]
tests/test_stress.py::test_bursty_with_gaps_channel[20-9-groups9-silences9] PASSED [ 87%]
tests/test_stress.py::test_bursty_with_gaps_channel[20-10-groups10-silences10] PASSED [ 87%]
tests/test_stress.py::test_bursty_with_gaps_channel[20-11-groups11-silences11] PASSED [ 87%]
tests/test_stress.py::test_bursty_with_gaps_channel[20-12-groups12-silences12] PASSED [ 87%]
tests/test_stress.py::test_bursty_with_gaps_channel[20-13-groups13-silences13] PASSED [ 87%]
tests/test_stress.py::test_bursty_with_gaps_channel[20-14-groups14-silences14] PASSED [ 87%]
tests/test_stress.py::test_bursty_with_gaps_channel[20-15-groups15-silences15] PASSED [ 87%]
tests/test_stress.py::test_bursty_with_gaps_channel[20-16-groups16-silences16] PASSED [ 87%]
tests/test_stress.py::test_bursty_with_gaps_channel[20-17-groups17-silences17] PASSED [ 88%]
tests/test_stress.py::test_bursty_with_gaps_channel[20-18-groups18-silences18] PASSED [ 88%]
tests/test_stress.py::test_bursty_with_gaps_channel[20-19-groups19-silences19] PASSED [ 88%]
tests/test_stress.py::test_bursty_with_gaps_channel[20-20-groups20-silences20] PASSED [ 88%]
tests/test_stress.py::test_bursty_with_gaps_channel[20-21-groups21-silences21] PASSED [ 88%]
tests/test_stress.py::test_bursty_with_gaps_channel[20-22-groups22-silences22] PASSED [ 88%]
tests/test_stress.py::test_bursty_with_gaps_channel[20-23-groups23-silences23] PASSED [ 88%]
tests/test_stress.py::test_bursty_with_gaps_channel[20-24-groups24-silences24] PASSED [ 88%]
tests/test_stress.py::test_bursty_with_gaps_channel[20-25-groups25-silences25] PASSED [ 88%]
tests/test_stress.py::test_bursty_with_gaps_channel[20-26-groups26-silences26] PASSED [ 88%]
tests/test_stress.py::test_bursty_with_gaps_channel[20-27-groups27-silences27] PASSED [ 88%]
tests/test_stress.py::test_bursty_with_gaps_channel[20-28-groups28-silences28] PASSED [ 89%]
tests/test_stress.py::test_bursty_with_gaps_channel[20-29-groups29-silences29] PASSED [ 89%]
tests/test_stress.py::test_bursty_with_gaps_channel[20-30-groups30-silences30] FAILED [ 89%]
tests/test_stress.py::test_bursty_with_gaps_channel[20-31-groups31-silences31] PASSED [ 89%]
tests/test_stress.py::test_bursty_with_gaps_channel[20-32-groups32-silences32] PASSED [ 89%]
tests/test_stress.py::test_bursty_with_gaps_channel[20-33-groups33-silences33] PASSED [ 89%]
tests/test_stress.py::test_bursty_with_gaps_channel[20-34-groups34-silences34] PASSED [ 89%]
tests/test_stress.py::test_bursty_with_gaps_channel[20-35-groups35-silences35] PASSED [ 89%]
tests/test_stress.py::test_bursty_with_gaps_channel[20-36-groups36-silences36] PASSED [ 89%]
tests/test_stress.py::test_bursty_with_gaps_channel[20-37-groups37-silences37] PASSED [ 89%]
tests/test_stress.py::test_bursty_with_gaps_channel[20-38-groups38-silences38] PASSED [ 89%]
tests/test_stress.py::test_bursty_with_gaps_channel[20-39-groups39-silences39] PASSED [ 90%]
tests/test_stress.py::test_bursty_with_gaps_channel[20-40-groups40-silences40] PASSED [ 90%]
tests/test_stress.py::test_bursty_with_gaps_channel[20-41-groups41-silences41] PASSED [ 90%]
tests/test_stress.py::test_bursty_with_gaps_channel[20-42-groups42-silences42] PASSED [ 90%]
tests/test_stress.py::test_bursty_with_gaps_channel[20-43-groups43-silences43] PASSED [ 90%]
tests/test_stress.py::test_bursty_with_gaps_channel[20-44-groups44-silences44] PASSED [ 90%]
tests/test_stress.py::test_bursty_with_gaps_channel[20-45-groups45-silences45] PASSED [ 90%]
tests/test_stress.py::test_bursty_with_gaps_channel[20-46-groups46-silences46] PASSED [ 90%]
tests/test_stress.py::test_bursty_with_gaps_channel[20-47-groups47-silences47] PASSED [ 90%]
tests/test_stress.py::test_bursty_with_gaps_channel[20-48-groups48-silences48] PASSED [ 90%]
tests/test_stress.py::test_bursty_with_gaps_channel[20-49-groups49-silences49] PASSED [ 90%]
tests/test_stress.py::test_bursty_with_gaps_channel[25-0-groups0-silences0] PASSED [ 91%]
tests/test_stress.py::test_bursty_with_gaps_channel[25-1-groups1-silences1] PASSED [ 91%]
tests/test_stress.py::test_bursty_with_gaps_channel[25-2-groups2-silences2] PASSED [ 91%]
tests/test_stress.py::test_bursty_with_gaps_channel[25-3-groups3-silences3] PASSED [ 91%]
tests/test_stress.py::test_bursty_with_gaps_channel[25-4-groups4-silences4] PASSED [ 91%]
tests/test_stress.py::test_bursty_with_gaps_channel[25-5-groups5-silences5] PASSED [ 91%]
tests/test_stress.py::test_bursty_with_gaps_channel[25-6-groups6-silences6] PASSED [ 91%]
tests/test_stress.py::test_bursty_with_gaps_channel[25-7-groups7-silences7] PASSED [ 91%]
tests/test_stress.py::test_bursty_with_gaps_channel[25-8-groups8-silences8] PASSED [ 91%]
tests/test_stress.py::test_bursty_with_gaps_channel[25-9-groups9-silences9] PASSED [ 91%]
tests/test_stress.py::test_bursty_with_gaps_channel[25-10-groups10-silences10] PASSED [ 91%]
tests/test_stress.py::test_bursty_with_gaps_channel[25-11-groups11-silences11] PASSED [ 92%]
tests/test_stress.py::test_bursty_with_gaps_channel[25-12-groups12-silences12] PASSED [ 92%]
tests/test_stress.py::test_bursty_with_gaps_channel[25-13-groups13-silences13] PASSED [ 92%]
tests/test_stress.py::test_bursty_with_gaps_channel[25-14-groups14-silences14] PASSED [ 92%]
tests/test_stress.py::test_bursty_with_gaps_channel[25-15-groups15-silences15] PASSED [ 92%]
tests/test_stress.py::test_bursty_with_gaps_channel[25-16-groups16-silences16] PASSED [ 92%]
tests/test_stress.py::test_bursty_with_gaps_channel[25-17-groups17-silences17] PASSED [ 92%]
tests/test_stress.py::test_bursty_with_gaps_channel[25-18-groups18-silences18] PASSED [ 92%]
tests/test_stress.py::test_bursty_with_gaps_channel[25-19-groups19-silences19] PASSED [ 92%]
tests/test_stress.py::test_bursty_with_gaps_channel[25-20-groups20-silences20] PASSED [ 92%]
tests/test_stress.py::test_bursty_with_gaps_channel[25-21-groups21-silences21] PASSED [ 92%]
tests/test_stress.py::test_bursty_with_gaps_channel[25-22-groups22-silences22] PASSED [ 93%]
tests/test_stress.py::test_bursty_with_gaps_channel[25-23-groups23-silences23] PASSED [ 93%]
tests/test_stress.py::test_bursty_with_gaps_channel[25-24-groups24-silences24] PASSED [ 93%]
tests/test_stress.py::test_bursty_with_gaps_channel[25-25-groups25-silences25] PASSED [ 93%]
tests/test_stress.py::test_bursty_with_gaps_channel[25-26-groups26-silences26] PASSED [ 93%]
tests/test_stress.py::test_bursty_with_gaps_channel[25-27-groups27-silences27] PASSED [ 93%]
tests/test_stress.py::test_bursty_with_gaps_channel[25-28-groups28-silences28] PASSED [ 93%]
tests/test_stress.py::test_bursty_with_gaps_channel[25-29-groups29-silences29] PASSED [ 93%]
tests/test_stress.py::test_bursty_with_gaps_channel[25-30-groups30-silences30] PASSED [ 93%]
tests/test_stress.py::test_bursty_with_gaps_channel[25-31-groups31-silences31] PASSED [ 93%]
tests/test_stress.py::test_bursty_with_gaps_channel[25-32-groups32-silences32] PASSED [ 93%]
tests/test_stress.py::test_bursty_with_gaps_channel[25-33-groups33-silences33] PASSED [ 94%]
tests/test_stress.py::test_bursty_with_gaps_channel[25-34-groups34-silences34] PASSED [ 94%]
tests/test_stress.py::test_bursty_with_gaps_channel[25-35-groups35-silences35] PASSED [ 94%]
tests/test_stress.py::test_bursty_with_gaps_channel[25-36-groups36-silences36] PASSED [ 94%]
tests/test_stress.py::test_bursty_with_gaps_channel[25-37-groups37-silences37] PASSED [ 94%]
tests/test_stress.py::test_bursty_with_gaps_channel[25-38-groups38-silences38] PASSED [ 94%]
tests/test_stress.py::test_bursty_with_gaps_channel[25-39-groups39-silences39] PASSED [ 94%]
tests/test_stress.py::test_bursty_with_gaps_channel[25-40-groups40-silences40] PASSED [ 94%]
tests/test_stress.py::test_bursty_with_gaps_channel[25-41-groups41-silences41] PASSED [ 94%]
tests/test_stress.py::test_bursty_with_gaps_channel[25-42-groups42-silences42] PASSED [ 94%]
tests/test_stress.py::test_bursty_with_gaps_channel[25-43-groups43-silences43] PASSED [ 94%]
tests/test_stress.py::test_bursty_with_gaps_channel[25-44-groups44-silences44] PASSED [ 95%]
tests/test_stress.py::test_bursty_with_gaps_channel[25-45-groups45-silences45] PASSED [ 95%]
tests/test_stress.py::test_bursty_with_gaps_channel[25-46-groups46-silences46] PASSED [ 95%]
tests/test_stress.py::test_bursty_with_gaps_channel[25-47-groups47-silences47] PASSED [ 95%]
tests/test_stress.py::test_bursty_with_gaps_channel[25-48-groups48-silences48] PASSED [ 95%]
tests/test_stress.py::test_bursty_with_gaps_channel[25-49-groups49-silences49] PASSED [ 95%]
tests/test_stress.py::test_bursty_with_gaps_channel[30-0-groups0-silences0] PASSED [ 95%]
tests/test_stress.py::test_bursty_with_gaps_channel[30-1-groups1-silences1] PASSED [ 95%]
tests/test_stress.py::test_bursty_with_gaps_channel[30-2-groups2-silences2] PASSED [ 95%]
tests/test_stress.py::test_bursty_with_gaps_channel[30-3-groups3-silences3] PASSED [ 95%]
tests/test_stress.py::test_bursty_with_gaps_channel[30-4-groups4-silences4] PASSED [ 95%]
tests/test_stress.py::test_bursty_with_gaps_channel[30-5-groups5-silences5] PASSED [ 96%]
tests/test_stress.py::test_bursty_with_gaps_channel[30-6-groups6-silences6] PASSED [ 96%]
tests/test_stress.py::test_bursty_with_gaps_channel[30-7-groups7-silences7] PASSED [ 96%]
tests/test_stress.py::test_bursty_with_gaps_channel[30-8-groups8-silences8] PASSED [ 96%]
tests/test_stress.py::test_bursty_with_gaps_channel[30-9-groups9-silences9] PASSED [ 96%]
tests/test_stress.py::test_bursty_with_gaps_channel[30-10-groups10-silences10] PASSED [ 96%]
tests/test_stress.py::test_bursty_with_gaps_channel[30-11-groups11-silences11] PASSED [ 96%]
tests/test_stress.py::test_bursty_with_gaps_channel[30-12-groups12-silences12] PASSED [ 96%]
tests/test_stress.py::test_bursty_with_gaps_channel[30-13-groups13-silences13] PASSED [ 96%]
tests/test_stress.py::test_bursty_with_gaps_channel[30-14-groups14-silences14] PASSED [ 96%]
tests/test_stress.py::test_bursty_with_gaps_channel[30-15-groups15-silences15] PASSED [ 96%]
tests/test_stress.py::test_bursty_with_gaps_channel[30-16-groups16-silences16] PASSED [ 97%]
tests/test_stress.py::test_bursty_with_gaps_channel[30-17-groups17-silences17] PASSED [ 97%]
tests/test_stress.py::test_bursty_with_gaps_channel[30-18-groups18-silences18] PASSED [ 97%]
tests/test_stress.py::test_bursty_with_gaps_channel[30-19-groups19-silences19] PASSED [ 97%]
tests/test_stress.py::test_bursty_with_gaps_channel[30-20-groups20-silences20] PASSED [ 97%]
tests/test_stress.py::test_bursty_with_gaps_channel[30-21-groups21-silences21] PASSED [ 97%]
tests/test_stress.py::test_bursty_with_gaps_channel[30-22-groups22-silences22] PASSED [ 97%]
tests/test_stress.py::test_bursty_with_gaps_channel[30-23-groups23-silences23] PASSED [ 97%]
tests/test_stress.py::test_bursty_with_gaps_channel[30-24-groups24-silences24] PASSED [ 97%]
tests/test_stress.py::test_bursty_with_gaps_channel[30-25-groups25-silences25] PASSED [ 97%]
tests/test_stress.py::test_bursty_with_gaps_channel[30-26-groups26-silences26] PASSED [ 97%]
tests/test_stress.py::test_bursty_with_gaps_channel[30-27-groups27-silences27] PASSED [ 98%]
tests/test_stress.py::test_bursty_with_gaps_channel[30-28-groups28-silences28] PASSED [ 98%]
tests/test_stress.py::test_bursty_with_gaps_channel[30-29-groups29-silences29] PASSED [ 98%]
tests/test_stress.py::test_bursty_with_gaps_channel[30-30-groups30-silences30] PASSED [ 98%]
tests/test_stress.py::test_bursty_with_gaps_channel[30-31-groups31-silences31] PASSED [ 98%]
tests/test_stress.py::test_bursty_with_gaps_channel[30-32-groups32-silences32] PASSED [ 98%]
tests/test_stress.py::test_bursty_with_gaps_channel[30-33-groups33-silences33] PASSED [ 98%]
tests/test_stress.py::test_bursty_with_gaps_channel[30-34-groups34-silences34] PASSED [ 98%]
tests/test_stress.py::test_bursty_with_gaps_channel[30-35-groups35-silences35] PASSED [ 98%]
tests/test_stress.py::test_bursty_with_gaps_channel[30-36-groups36-silences36] PASSED [ 98%]
tests/test_stress.py::test_bursty_with_gaps_channel[30-37-groups37-silences37] PASSED [ 98%]
tests/test_stress.py::test_bursty_with_gaps_channel[30-38-groups38-silences38] PASSED [ 99%]
tests/test_stress.py::test_bursty_with_gaps_channel[30-39-groups39-silences39] PASSED [ 99%]
tests/test_stress.py::test_bursty_with_gaps_channel[30-40-groups40-silences40] PASSED [ 99%]
tests/test_stress.py::test_bursty_with_gaps_channel[30-41-groups41-silences41] PASSED [ 99%]
tests/test_stress.py::test_bursty_with_gaps_channel[30-42-groups42-silences42] PASSED [ 99%]
tests/test_stress.py::test_bursty_with_gaps_channel[30-43-groups43-silences43] PASSED [ 99%]
tests/test_stress.py::test_bursty_with_gaps_channel[30-44-groups44-silences44] PASSED [ 99%]
tests/test_stress.py::test_bursty_with_gaps_channel[30-45-groups45-silences45] PASSED [ 99%]
tests/test_stress.py::test_bursty_with_gaps_channel[30-46-groups46-silences46] PASSED [ 99%]
tests/test_stress.py::test_bursty_with_gaps_channel[30-47-groups47-silences47] PASSED [ 99%]
tests/test_stress.py::test_bursty_with_gaps_channel[30-48-groups48-silences48] PASSED [ 99%]
tests/test_stress.py::test_bursty_with_gaps_channel[30-49-groups49-silences49] PASSED [100%]

=================================== FAILURES ===================================
___________ test_bursty_with_gaps_channel[20-30-groups30-silences30] ___________
tests/test_stress.py:242: in test_bursty_with_gaps_channel
    _run_trials(tx_packets, signal, config, snr_db, N_TRIALS // 2, seed + snr_db)
tests/test_stress.py:126: in _run_trials
    pytest.fail(f"{len(failures)}/{n_trials} trials failed:\n" + "\n".join(lines) + extra)
E   Failed: 1/100 trials failed:
E     trial=37, cfo=-2383Hz, phase=0.61: seq_num=8 not received
E   assert 8 in {0: Packet(src_mac=0, dst_mac=1, type=0, seq_num=0, length=1404, payload=array([[0],\n       [0],\n       [0],\n       ...,\n       [0],\n       [0],\n       [0]], shape=(11232, 1), dtype=int32), valid=True, err_reason='', sample_start=1108, rx_symbols=array([-3.3749943+0.3531747j , -3.7028081+0.10557437j,\n       -3.6814044-0.12537932j, ..., -3.6389964+0.00250655j,\n        3.593716 -0.06834918j,  3.524509 -0.03518832j],\n      shape=(11248,), dtype=complex64)), 1: Packet(src_mac=0, dst_mac=1, type=0, seq_num=1, length=1412, payload=array([[0],\n       [0],\n       [1],\n       ...,\n       [0],\n       [1],\n       [0]], shape=(11296, 1), dtype=int32), valid=True, err_reason='', sample_start=47520, rx_symbols=array([-2.5849216-2.4396505j,  2.526666 +2.4338975j,\n       -2.7333987-2.555183j , ...,  2.5136495-2.4196968j,\n       -2.6711142+2.5498855j, -2.4620333+2.7600439j],\n      shape=(5656,), dtype=complex64)), 2: Packet(src_mac=0, dst_mac=1, type=0, seq_num=2, length=147, payload=array([[1],\n       [1],\n       [1],\n       ...,\n       [1],\n       [1],\n       [0]], shape=(1176, 1), dtype=int32), valid=True, err_reason='', sample_start=71540, rx_symbols=array([ 2.605618 +2.5693827j,  2.4483244+2...2873j,  2.4455543-2.373322j ,\n       -2.414195 -2.4265826j,  2.3410811-2.6019204j,\n       -2.313442 -2.3668447j,  2.3901217-2.4283037j,\n        2.442117 -2.6084094j,  2.105844 -2.460867j ,\n        2.2352278+2.4445002j, -2.5950785-2.347274j ,\n        2.340268 +2.3328693j,  2.590015 -2.4170904j,\n        2.4290905-2.4661639j,  2.434173 +2.4595432j,\n        2.5679014+2.3988864j,  2.4222767-2.3991988j,\n        2.4168046+2.3933496j, -2.6255238+2.691653j ,\n       -2.72367  +2.4931161j,  2.6076565-2.6065834j,\n        2.438809 +2.516456j , -2.4729242-2.406999j ,\n       -2.4788108+2.5610065j, -2.589998 +2.5694351j,\n       -2.4363453+2.635157j , -2.5263603-2.47862j  ,\n       -2.7453198+2.4252765j, -2.2383285+2.1999693j], dtype=complex64)), 3: Packet(src_mac=0, dst_mac=1, type=0, seq_num=3, length=654, payload=array([[1],\n       [0],\n       [1],\n       ...,\n       [1],\n       [0],\n       [0]], shape=(5232, 1), dtype=int32), valid=True, err_reason='', sample_start=84145, rx_symbols=array([ 3.4698982+0.2667457j , -3.741892 +0.0848527j ,\n        3.445248 +0.09013712j, ..., -3.4279425+0.07505047j,\n        3.6215923+0.20455956j,  3.4620497+0.19913352j],\n      shape=(5248,), dtype=complex64)), ...}
=========================== short test summary info ============================
FAILED tests/test_stress.py::test_bursty_with_gaps_channel[20-30-groups30-silences30]
================== 1 failed, 1099 passed in 513.41s (0:08:33) ==================
